11/29/2023, 11:08:17 AM | info | USER: Joel García
ROLES: User
ENDPOINT: /comments
METHOD: GET
------------------------------

11/29/2023, 11:09:01 AM | info | USER: Joel García
ROLES: User
ENDPOINT: /developers?name=ubisoft
METHOD: GET
------------------------------


11/29/2023, 11:12:08 AM | info | USER: Joel García
ROLES: User
ENDPOINT: /developers?name=ubisoft
METHOD: GET
------------------------------

11/29/2023, 11:12:08 AM | error | ReferenceError: Cannot access 'finalFields' before initialization
    at file:///Users/joel/Desktop/HTML%20Y%20CSS/APIVideojuegos/controllers/developers.js:28:17
    at file:///Users/joel/Desktop/HTML%20Y%20CSS/APIVideojuegos/utils/errorWrapper.js:3:9
    at Layer.handle [as handle_request] (/Users/joel/Desktop/HTML Y CSS/APIVideojuegos/node_modules/express/lib/router/layer.js:95:5)
    at next (/Users/joel/Desktop/HTML Y CSS/APIVideojuegos/node_modules/express/lib/router/route.js:144:13)
    at Route.dispatch (/Users/joel/Desktop/HTML Y CSS/APIVideojuegos/node_modules/express/lib/router/route.js:114:3)
    at Layer.handle [as handle_request] (/Users/joel/Desktop/HTML Y CSS/APIVideojuegos/node_modules/express/lib/router/layer.js:95:5)
    at /Users/joel/Desktop/HTML Y CSS/APIVideojuegos/node_modules/express/lib/router/index.js:284:15
    at Function.process_params (/Users/joel/Desktop/HTML Y CSS/APIVideojuegos/node_modules/express/lib/router/index.js:346:12)
    at next (/Users/joel/Desktop/HTML Y CSS/APIVideojuegos/node_modules/express/lib/router/index.js:280:10)
    at Function.handle (/Users/joel/Desktop/HTML Y CSS/APIVideojuegos/node_modules/express/lib/router/index.js:175:3)

11/29/2023, 11:12:22 AM | info | USER: Joel García
ROLES: User
ENDPOINT: /developers?name=ubisoft
METHOD: GET
------------------------------

11/29/2023, 11:13:39 AM | info | USER: Joel García
ROLES: User
ENDPOINT: /developers?minEmployees=1000
METHOD: GET
------------------------------

11/29/2023, 11:13:54 AM | info | USER: Joel García
ROLES: User
ENDPOINT: /developers?minEmployees=1500
METHOD: GET
------------------------------

11/29/2023, 11:18:38 AM | info | USER: Joel García
ROLES: User
ENDPOINT: /developers?minEmployees=1500&minYear=2000
METHOD: GET
------------------------------

11/29/2023, 11:18:58 AM | info | USER: Joel García
ROLES: User
ENDPOINT: /developers?minEmployees=1500&maxYear=2000
METHOD: GET
------------------------------






































11/29/2023, 11:56:49 AM | info | USER: Joel García
ROLES: User
ENDPOINT: /developers?minEmployees=1500&maxYear=d
METHOD: GET
------------------------------

11/29/2023, 11:56:49 AM | error | CastError: Cast to date failed for value "Invalid Date" (type Date) at path "foundation" for model "developer"
    at SchemaDate.cast (/Users/joel/Desktop/HTML Y CSS/APIVideojuegos/node_modules/mongoose/lib/schema/date.js:376:11)
    at SchemaDate.handleSingle (/Users/joel/Desktop/HTML Y CSS/APIVideojuegos/node_modules/mongoose/lib/schema/date.js:388:15)
    at SchemaDate.castForQuery (/Users/joel/Desktop/HTML Y CSS/APIVideojuegos/node_modules/mongoose/lib/schema/date.js:419:18)
    at cast (/Users/joel/Desktop/HTML Y CSS/APIVideojuegos/node_modules/mongoose/lib/cast.js:352:39)
    at Query.cast (/Users/joel/Desktop/HTML Y CSS/APIVideojuegos/node_modules/mongoose/lib/query.js:4910:12)
    at Query._castConditions (/Users/joel/Desktop/HTML Y CSS/APIVideojuegos/node_modules/mongoose/lib/query.js:2232:10)
    at model.Query._find (/Users/joel/Desktop/HTML Y CSS/APIVideojuegos/node_modules/mongoose/lib/query.js:2258:8)
    at model.Query.exec (/Users/joel/Desktop/HTML Y CSS/APIVideojuegos/node_modules/mongoose/lib/query.js:4430:28)
    at process.processTicksAndRejections (node:internal/process/task_queues:95:5)
    at async file:///Users/joel/Desktop/HTML%20Y%20CSS/APIVideojuegos/controllers/developers.js:37:21

11/29/2023, 11:57:33 AM | info | USER: Joel García
ROLES: User
ENDPOINT: /developers?minEmployees=1500&maxYear=d
METHOD: GET
------------------------------


11/29/2023, 11:58:41 AM | info | USER: Joel García
ROLES: User
ENDPOINT: /developers?minEmployees=1500&maxYear=d
METHOD: GET
------------------------------










11/29/2023, 12:03:23 PM | info | USER: Joel García
ROLES: User
ENDPOINT: /developers?minEmployees=1500&maxYear=d
METHOD: GET
------------------------------

11/29/2023, 12:03:23 PM | error | Error: {"message":"Min or Max number of employees are not valid"}
    at file:///Users/joel/Desktop/HTML%20Y%20CSS/APIVideojuegos/controllers/developers.js:17:139
    at file:///Users/joel/Desktop/HTML%20Y%20CSS/APIVideojuegos/utils/errorWrapper.js:3:9
    at Layer.handle [as handle_request] (/Users/joel/Desktop/HTML Y CSS/APIVideojuegos/node_modules/express/lib/router/layer.js:95:5)
    at next (/Users/joel/Desktop/HTML Y CSS/APIVideojuegos/node_modules/express/lib/router/route.js:144:13)
    at Route.dispatch (/Users/joel/Desktop/HTML Y CSS/APIVideojuegos/node_modules/express/lib/router/route.js:114:3)
    at Layer.handle [as handle_request] (/Users/joel/Desktop/HTML Y CSS/APIVideojuegos/node_modules/express/lib/router/layer.js:95:5)
    at /Users/joel/Desktop/HTML Y CSS/APIVideojuegos/node_modules/express/lib/router/index.js:284:15
    at Function.process_params (/Users/joel/Desktop/HTML Y CSS/APIVideojuegos/node_modules/express/lib/router/index.js:346:12)
    at next (/Users/joel/Desktop/HTML Y CSS/APIVideojuegos/node_modules/express/lib/router/index.js:280:10)
    at Function.handle (/Users/joel/Desktop/HTML Y CSS/APIVideojuegos/node_modules/express/lib/router/index.js:175:3)
11/29/2023, 12:03:57 PM | info | USER: Joel García
ROLES: User
ENDPOINT: /developers?minEmployees=1500&maxYear=d
METHOD: GET
------------------------------

11/29/2023, 12:03:57 PM | error | Error: {"message":"Min or Max number of employees are not valid"}
    at file:///Users/joel/Desktop/HTML%20Y%20CSS/APIVideojuegos/controllers/developers.js:17:139
    at file:///Users/joel/Desktop/HTML%20Y%20CSS/APIVideojuegos/utils/errorWrapper.js:3:9
    at Layer.handle [as handle_request] (/Users/joel/Desktop/HTML Y CSS/APIVideojuegos/node_modules/express/lib/router/layer.js:95:5)
    at next (/Users/joel/Desktop/HTML Y CSS/APIVideojuegos/node_modules/express/lib/router/route.js:144:13)
    at Route.dispatch (/Users/joel/Desktop/HTML Y CSS/APIVideojuegos/node_modules/express/lib/router/route.js:114:3)
    at Layer.handle [as handle_request] (/Users/joel/Desktop/HTML Y CSS/APIVideojuegos/node_modules/express/lib/router/layer.js:95:5)
    at /Users/joel/Desktop/HTML Y CSS/APIVideojuegos/node_modules/express/lib/router/index.js:284:15
    at Function.process_params (/Users/joel/Desktop/HTML Y CSS/APIVideojuegos/node_modules/express/lib/router/index.js:346:12)
    at next (/Users/joel/Desktop/HTML Y CSS/APIVideojuegos/node_modules/express/lib/router/index.js:280:10)
    at Function.handle (/Users/joel/Desktop/HTML Y CSS/APIVideojuegos/node_modules/express/lib/router/index.js:175:3)

11/29/2023, 12:08:11 PM | info | USER: Joel García
ROLES: User
ENDPOINT: /developers?minEmployees=1500&maxYear=d
METHOD: GET
------------------------------

11/29/2023, 12:08:11 PM | error | Error: {"message":"Min or Max number of employees are not valid"}
    at file:///Users/joel/Desktop/HTML%20Y%20CSS/APIVideojuegos/controllers/developers.js:17:139
    at file:///Users/joel/Desktop/HTML%20Y%20CSS/APIVideojuegos/utils/errorWrapper.js:3:9
    at Layer.handle [as handle_request] (/Users/joel/Desktop/HTML Y CSS/APIVideojuegos/node_modules/express/lib/router/layer.js:95:5)
    at next (/Users/joel/Desktop/HTML Y CSS/APIVideojuegos/node_modules/express/lib/router/route.js:144:13)
    at Route.dispatch (/Users/joel/Desktop/HTML Y CSS/APIVideojuegos/node_modules/express/lib/router/route.js:114:3)
    at Layer.handle [as handle_request] (/Users/joel/Desktop/HTML Y CSS/APIVideojuegos/node_modules/express/lib/router/layer.js:95:5)
    at /Users/joel/Desktop/HTML Y CSS/APIVideojuegos/node_modules/express/lib/router/index.js:284:15
    at Function.process_params (/Users/joel/Desktop/HTML Y CSS/APIVideojuegos/node_modules/express/lib/router/index.js:346:12)
    at next (/Users/joel/Desktop/HTML Y CSS/APIVideojuegos/node_modules/express/lib/router/index.js:280:10)
    at Function.handle (/Users/joel/Desktop/HTML Y CSS/APIVideojuegos/node_modules/express/lib/router/index.js:175:3)







11/29/2023, 12:09:52 PM | info | USER: Joel García
ROLES: User
ENDPOINT: /developers?minEmployees=1500&maxYear=d
METHOD: GET
------------------------------

11/29/2023, 12:09:52 PM | error | USER: Joel García
ROLES: User
ENDPOINT: /developers?minEmployees=1500&maxYear=d
METHOD: GET
ERROR: Error: {"message":"Min or Max number of employees are not valid"}
    at file:///Users/joel/Desktop/HTML%20Y%20CSS/APIVideojuegos/controllers/developers.js:17:139
    at file:///Users/joel/Desktop/HTML%20Y%20CSS/APIVideojuegos/utils/errorWrapper.js:3:9
    at Layer.handle [as handle_request] (/Users/joel/Desktop/HTML Y CSS/APIVideojuegos/node_modules/express/lib/router/layer.js:95:5)
    at next (/Users/joel/Desktop/HTML Y CSS/APIVideojuegos/node_modules/express/lib/router/route.js:144:13)
    at Route.dispatch (/Users/joel/Desktop/HTML Y CSS/APIVideojuegos/node_modules/express/lib/router/route.js:114:3)
    at Layer.handle [as handle_request] (/Users/joel/Desktop/HTML Y CSS/APIVideojuegos/node_modules/express/lib/router/layer.js:95:5)
    at /Users/joel/Desktop/HTML Y CSS/APIVideojuegos/node_modules/express/lib/router/index.js:284:15
    at Function.process_params (/Users/joel/Desktop/HTML Y CSS/APIVideojuegos/node_modules/express/lib/router/index.js:346:12)
    at next (/Users/joel/Desktop/HTML Y CSS/APIVideojuegos/node_modules/express/lib/router/index.js:280:10)
    at Function.handle (/Users/joel/Desktop/HTML Y CSS/APIVideojuegos/node_modules/express/lib/router/index.js:175:3)

11/29/2023, 12:10:23 PM | info | USER: Joel García
ROLES: User
ENDPOINT: /developers?minEmployees=1500&maxYear=d
METHOD: GET
------------------------------

11/29/2023, 12:10:23 PM | error | USER: Joel García
ROLES: User
ENDPOINT: /developers?minEmployees=1500&maxYear=d
METHOD: GET
ERROR: undefined

11/29/2023, 12:10:34 PM | info | USER: Joel García
ROLES: User
ENDPOINT: /developers?minEmployees=1500&maxYear=d
METHOD: GET
------------------------------

11/29/2023, 12:10:34 PM | error | USER: Joel García
ROLES: User
ENDPOINT: /developers?minEmployees=1500&maxYear=d
METHOD: GET
ERROR: undefined

11/29/2023, 12:10:42 PM | info | USER: Joel García
ROLES: User
ENDPOINT: /developers?minEmployees=1500&maxYear=d
METHOD: GET
------------------------------

11/29/2023, 12:10:43 PM | error | USER: Joel García
ROLES: User
ENDPOINT: /developers?minEmployees=1500&maxYear=d
METHOD: GET
ERROR: Error: {"message":"Min or Max number of employees are not valid"}
    at file:///Users/joel/Desktop/HTML%20Y%20CSS/APIVideojuegos/controllers/developers.js:17:139
    at file:///Users/joel/Desktop/HTML%20Y%20CSS/APIVideojuegos/utils/errorWrapper.js:3:9
    at Layer.handle [as handle_request] (/Users/joel/Desktop/HTML Y CSS/APIVideojuegos/node_modules/express/lib/router/layer.js:95:5)
    at next (/Users/joel/Desktop/HTML Y CSS/APIVideojuegos/node_modules/express/lib/router/route.js:144:13)
    at Route.dispatch (/Users/joel/Desktop/HTML Y CSS/APIVideojuegos/node_modules/express/lib/router/route.js:114:3)
    at Layer.handle [as handle_request] (/Users/joel/Desktop/HTML Y CSS/APIVideojuegos/node_modules/express/lib/router/layer.js:95:5)
    at /Users/joel/Desktop/HTML Y CSS/APIVideojuegos/node_modules/express/lib/router/index.js:284:15
    at Function.process_params (/Users/joel/Desktop/HTML Y CSS/APIVideojuegos/node_modules/express/lib/router/index.js:346:12)
    at next (/Users/joel/Desktop/HTML Y CSS/APIVideojuegos/node_modules/express/lib/router/index.js:280:10)
    at Function.handle (/Users/joel/Desktop/HTML Y CSS/APIVideojuegos/node_modules/express/lib/router/index.js:175:3)

11/29/2023, 12:11:07 PM | info | USER: Joel García
ROLES: User
ENDPOINT: /developers?minEmployees=1500&maxYear=d
METHOD: GET
------------------------------

11/29/2023, 12:11:07 PM | error | USER: Joel García
ROLES: User
ENDPOINT: /developers?minEmployees=1500&maxYear=d
METHOD: GET
ERROR: Error: {"message":"Min or Max number of employees are not valid"}
    at file:///Users/joel/Desktop/HTML%20Y%20CSS/APIVideojuegos/controllers/developers.js:17:139
    at file:///Users/joel/Desktop/HTML%20Y%20CSS/APIVideojuegos/utils/errorWrapper.js:3:9
    at Layer.handle [as handle_request] (/Users/joel/Desktop/HTML Y CSS/APIVideojuegos/node_modules/express/lib/router/layer.js:95:5)
    at next (/Users/joel/Desktop/HTML Y CSS/APIVideojuegos/node_modules/express/lib/router/route.js:144:13)
    at Route.dispatch (/Users/joel/Desktop/HTML Y CSS/APIVideojuegos/node_modules/express/lib/router/route.js:114:3)
    at Layer.handle [as handle_request] (/Users/joel/Desktop/HTML Y CSS/APIVideojuegos/node_modules/express/lib/router/layer.js:95:5)
    at /Users/joel/Desktop/HTML Y CSS/APIVideojuegos/node_modules/express/lib/router/index.js:284:15
    at Function.process_params (/Users/joel/Desktop/HTML Y CSS/APIVideojuegos/node_modules/express/lib/router/index.js:346:12)
    at next (/Users/joel/Desktop/HTML Y CSS/APIVideojuegos/node_modules/express/lib/router/index.js:280:10)
    at Function.handle (/Users/joel/Desktop/HTML Y CSS/APIVideojuegos/node_modules/express/lib/router/index.js:175:3)
----------------------------------











11/29/2023, 12:37:34 PM | info | USER: Joel García
ROLES: User
ENDPOINT: /videogames
METHOD: GET
------------------------------

11/29/2023, 12:37:34 PM | error | USER: Joel García
ROLES: User
ENDPOINT: /videogames
METHOD: GET
ERROR: Error: {"message":"Min or Max year of the release of the videogame are not valid"}
    at file:///Users/joel/Desktop/HTML%20Y%20CSS/APIVideojuegos/controllers/videogames.js:16:147
    at file:///Users/joel/Desktop/HTML%20Y%20CSS/APIVideojuegos/utils/errorWrapper.js:3:9
    at Layer.handle [as handle_request] (/Users/joel/Desktop/HTML Y CSS/APIVideojuegos/node_modules/express/lib/router/layer.js:95:5)
    at next (/Users/joel/Desktop/HTML Y CSS/APIVideojuegos/node_modules/express/lib/router/route.js:144:13)
    at Route.dispatch (/Users/joel/Desktop/HTML Y CSS/APIVideojuegos/node_modules/express/lib/router/route.js:114:3)
    at Layer.handle [as handle_request] (/Users/joel/Desktop/HTML Y CSS/APIVideojuegos/node_modules/express/lib/router/layer.js:95:5)
    at /Users/joel/Desktop/HTML Y CSS/APIVideojuegos/node_modules/express/lib/router/index.js:284:15
    at Function.process_params (/Users/joel/Desktop/HTML Y CSS/APIVideojuegos/node_modules/express/lib/router/index.js:346:12)
    at next (/Users/joel/Desktop/HTML Y CSS/APIVideojuegos/node_modules/express/lib/router/index.js:280:10)
    at Function.handle (/Users/joel/Desktop/HTML Y CSS/APIVideojuegos/node_modules/express/lib/router/index.js:175:3)
----------------------------------

11/29/2023, 12:38:46 PM | info | USER: Joel García
ROLES: User
ENDPOINT: /videogames?minEmployees=1500&maxYear=d
METHOD: GET
------------------------------

11/29/2023, 12:38:46 PM | error | USER: Joel García
ROLES: User
ENDPOINT: /videogames?minEmployees=1500&maxYear=d
METHOD: GET
ERROR: Error: {"message":"Min or Max year of the release of the videogame are not valid"}
    at file:///Users/joel/Desktop/HTML%20Y%20CSS/APIVideojuegos/controllers/videogames.js:16:147
    at file:///Users/joel/Desktop/HTML%20Y%20CSS/APIVideojuegos/utils/errorWrapper.js:3:9
    at Layer.handle [as handle_request] (/Users/joel/Desktop/HTML Y CSS/APIVideojuegos/node_modules/express/lib/router/layer.js:95:5)
    at next (/Users/joel/Desktop/HTML Y CSS/APIVideojuegos/node_modules/express/lib/router/route.js:144:13)
    at Route.dispatch (/Users/joel/Desktop/HTML Y CSS/APIVideojuegos/node_modules/express/lib/router/route.js:114:3)
    at Layer.handle [as handle_request] (/Users/joel/Desktop/HTML Y CSS/APIVideojuegos/node_modules/express/lib/router/layer.js:95:5)
    at /Users/joel/Desktop/HTML Y CSS/APIVideojuegos/node_modules/express/lib/router/index.js:284:15
    at Function.process_params (/Users/joel/Desktop/HTML Y CSS/APIVideojuegos/node_modules/express/lib/router/index.js:346:12)
    at next (/Users/joel/Desktop/HTML Y CSS/APIVideojuegos/node_modules/express/lib/router/index.js:280:10)
    at Function.handle (/Users/joel/Desktop/HTML Y CSS/APIVideojuegos/node_modules/express/lib/router/index.js:175:3)
----------------------------------
11/29/2023, 12:39:02 PM | info | USER: Joel García
ROLES: User
ENDPOINT: /develpers?minEmployees=1500&maxYear=d
METHOD: GET
------------------------------

11/29/2023, 12:39:03 PM | error | USER: Joel García
ROLES: User
ENDPOINT: /develpers?minEmployees=1500&maxYear=d
METHOD: GET
ERROR: Error: {"message":"Can't find /develpers?minEmployees=1500&maxYear=d on the server"}
    at file:///Users/joel/Desktop/HTML%20Y%20CSS/APIVideojuegos/index.js:82:10
    at Layer.handle [as handle_request] (/Users/joel/Desktop/HTML Y CSS/APIVideojuegos/node_modules/express/lib/router/layer.js:95:5)
    at next (/Users/joel/Desktop/HTML Y CSS/APIVideojuegos/node_modules/express/lib/router/route.js:144:13)
    at next (/Users/joel/Desktop/HTML Y CSS/APIVideojuegos/node_modules/express/lib/router/route.js:140:7)
    at next (/Users/joel/Desktop/HTML Y CSS/APIVideojuegos/node_modules/express/lib/router/route.js:140:7)
    at next (/Users/joel/Desktop/HTML Y CSS/APIVideojuegos/node_modules/express/lib/router/route.js:140:7)
    at next (/Users/joel/Desktop/HTML Y CSS/APIVideojuegos/node_modules/express/lib/router/route.js:140:7)
    at next (/Users/joel/Desktop/HTML Y CSS/APIVideojuegos/node_modules/express/lib/router/route.js:140:7)
    at next (/Users/joel/Desktop/HTML Y CSS/APIVideojuegos/node_modules/express/lib/router/route.js:140:7)
    at Route.dispatch (/Users/joel/Desktop/HTML Y CSS/APIVideojuegos/node_modules/express/lib/router/route.js:114:3)
----------------------------------
11/29/2023, 12:39:09 PM | info | USER: Joel García
ROLES: User
ENDPOINT: /developers?minEmployees=1500&maxYear=d
METHOD: GET
------------------------------

11/29/2023, 12:39:09 PM | error | USER: Joel García
ROLES: User
ENDPOINT: /developers?minEmployees=1500&maxYear=d
METHOD: GET
ERROR: Error: {"message":"Min or Max number of employees are not valid"}
    at file:///Users/joel/Desktop/HTML%20Y%20CSS/APIVideojuegos/controllers/developers.js:17:93
    at file:///Users/joel/Desktop/HTML%20Y%20CSS/APIVideojuegos/utils/errorWrapper.js:3:9
    at Layer.handle [as handle_request] (/Users/joel/Desktop/HTML Y CSS/APIVideojuegos/node_modules/express/lib/router/layer.js:95:5)
    at next (/Users/joel/Desktop/HTML Y CSS/APIVideojuegos/node_modules/express/lib/router/route.js:144:13)
    at Route.dispatch (/Users/joel/Desktop/HTML Y CSS/APIVideojuegos/node_modules/express/lib/router/route.js:114:3)
    at Layer.handle [as handle_request] (/Users/joel/Desktop/HTML Y CSS/APIVideojuegos/node_modules/express/lib/router/layer.js:95:5)
    at /Users/joel/Desktop/HTML Y CSS/APIVideojuegos/node_modules/express/lib/router/index.js:284:15
    at Function.process_params (/Users/joel/Desktop/HTML Y CSS/APIVideojuegos/node_modules/express/lib/router/index.js:346:12)
    at next (/Users/joel/Desktop/HTML Y CSS/APIVideojuegos/node_modules/express/lib/router/index.js:280:10)
    at Function.handle (/Users/joel/Desktop/HTML Y CSS/APIVideojuegos/node_modules/express/lib/router/index.js:175:3)
----------------------------------



11/29/2023, 12:41:17 PM | info | USER: Joel García
ROLES: User
ENDPOINT: /developers?minEmployees=1500&maxYear=d
METHOD: GET
------------------------------


11/29/2023, 12:41:52 PM | info | USER: Joel García
ROLES: User
ENDPOINT: /developers?minEmployees=1500&maxYear=d
METHOD: GET
------------------------------

11/29/2023, 12:41:52 PM | error | USER: Joel García
ROLES: User
ENDPOINT: /developers?minEmployees=1500&maxYear=d
METHOD: GET
ERROR: Error: {"message":"Min or Max number of employees are not valid"}
    at file:///Users/joel/Desktop/HTML%20Y%20CSS/APIVideojuegos/controllers/developers.js:17:165
    at file:///Users/joel/Desktop/HTML%20Y%20CSS/APIVideojuegos/utils/errorWrapper.js:3:9
    at Layer.handle [as handle_request] (/Users/joel/Desktop/HTML Y CSS/APIVideojuegos/node_modules/express/lib/router/layer.js:95:5)
    at next (/Users/joel/Desktop/HTML Y CSS/APIVideojuegos/node_modules/express/lib/router/route.js:144:13)
    at Route.dispatch (/Users/joel/Desktop/HTML Y CSS/APIVideojuegos/node_modules/express/lib/router/route.js:114:3)
    at Layer.handle [as handle_request] (/Users/joel/Desktop/HTML Y CSS/APIVideojuegos/node_modules/express/lib/router/layer.js:95:5)
    at /Users/joel/Desktop/HTML Y CSS/APIVideojuegos/node_modules/express/lib/router/index.js:284:15
    at Function.process_params (/Users/joel/Desktop/HTML Y CSS/APIVideojuegos/node_modules/express/lib/router/index.js:346:12)
    at next (/Users/joel/Desktop/HTML Y CSS/APIVideojuegos/node_modules/express/lib/router/index.js:280:10)
    at Function.handle (/Users/joel/Desktop/HTML Y CSS/APIVideojuegos/node_modules/express/lib/router/index.js:175:3)
----------------------------------
11/29/2023, 3:28:04 PM | info | USER: Joel García
ROLES: User
ENDPOINT: /developers?minEmployees=1500&maxYear=2000
METHOD: GET
------------------------------

11/29/2023, 3:28:04 PM | error | USER: Joel García
ROLES: User
ENDPOINT: /developers?minEmployees=1500&maxYear=2000
METHOD: GET
ERROR: Error: {"message":"Min or Max number of employees are not valid"}
    at file:///Users/joel/Desktop/HTML%20Y%20CSS/APIVideojuegos/controllers/developers.js:17:165
    at file:///Users/joel/Desktop/HTML%20Y%20CSS/APIVideojuegos/utils/errorWrapper.js:3:9
    at Layer.handle [as handle_request] (/Users/joel/Desktop/HTML Y CSS/APIVideojuegos/node_modules/express/lib/router/layer.js:95:5)
    at next (/Users/joel/Desktop/HTML Y CSS/APIVideojuegos/node_modules/express/lib/router/route.js:144:13)
    at Route.dispatch (/Users/joel/Desktop/HTML Y CSS/APIVideojuegos/node_modules/express/lib/router/route.js:114:3)
    at Layer.handle [as handle_request] (/Users/joel/Desktop/HTML Y CSS/APIVideojuegos/node_modules/express/lib/router/layer.js:95:5)
    at /Users/joel/Desktop/HTML Y CSS/APIVideojuegos/node_modules/express/lib/router/index.js:284:15
    at Function.process_params (/Users/joel/Desktop/HTML Y CSS/APIVideojuegos/node_modules/express/lib/router/index.js:346:12)
    at next (/Users/joel/Desktop/HTML Y CSS/APIVideojuegos/node_modules/express/lib/router/index.js:280:10)
    at Function.handle (/Users/joel/Desktop/HTML Y CSS/APIVideojuegos/node_modules/express/lib/router/index.js:175:3)
----------------------------------

11/29/2023, 3:39:16 PM | info | USER: Joel García
ROLES: User
ENDPOINT: /developers?minEmployees=1500&maxYear=2000
METHOD: GET
------------------------------

11/29/2023, 3:39:16 PM | error | USER: Joel García
ROLES: User
ENDPOINT: /developers?minEmployees=1500&maxYear=2000
METHOD: GET
ERROR: Error: {"message":"Min or Max number of employees are not valid"}
    at file:///Users/joel/Desktop/HTML%20Y%20CSS/APIVideojuegos/controllers/developers.js:17:165
    at file:///Users/joel/Desktop/HTML%20Y%20CSS/APIVideojuegos/utils/errorWrapper.js:3:9
    at Layer.handle [as handle_request] (/Users/joel/Desktop/HTML Y CSS/APIVideojuegos/node_modules/express/lib/router/layer.js:95:5)
    at next (/Users/joel/Desktop/HTML Y CSS/APIVideojuegos/node_modules/express/lib/router/route.js:144:13)
    at Route.dispatch (/Users/joel/Desktop/HTML Y CSS/APIVideojuegos/node_modules/express/lib/router/route.js:114:3)
    at Layer.handle [as handle_request] (/Users/joel/Desktop/HTML Y CSS/APIVideojuegos/node_modules/express/lib/router/layer.js:95:5)
    at /Users/joel/Desktop/HTML Y CSS/APIVideojuegos/node_modules/express/lib/router/index.js:284:15
    at Function.process_params (/Users/joel/Desktop/HTML Y CSS/APIVideojuegos/node_modules/express/lib/router/index.js:346:12)
    at next (/Users/joel/Desktop/HTML Y CSS/APIVideojuegos/node_modules/express/lib/router/index.js:280:10)
    at Function.handle (/Users/joel/Desktop/HTML Y CSS/APIVideojuegos/node_modules/express/lib/router/index.js:175:3)
----------------------------------

11/29/2023, 3:39:29 PM | info | USER: Joel García
ROLES: User
ENDPOINT: /developers?minEmployees=1500&maxYear=2000
METHOD: GET
------------------------------

11/29/2023, 3:39:29 PM | error | USER: Joel García
ROLES: User
ENDPOINT: /developers?minEmployees=1500&maxYear=2000
METHOD: GET
ERROR: Error: {"message":"Min or Max number of employees are not valid"}
    at file:///Users/joel/Desktop/HTML%20Y%20CSS/APIVideojuegos/controllers/developers.js:19:165
    at file:///Users/joel/Desktop/HTML%20Y%20CSS/APIVideojuegos/utils/errorWrapper.js:3:9
    at Layer.handle [as handle_request] (/Users/joel/Desktop/HTML Y CSS/APIVideojuegos/node_modules/express/lib/router/layer.js:95:5)
    at next (/Users/joel/Desktop/HTML Y CSS/APIVideojuegos/node_modules/express/lib/router/route.js:144:13)
    at Route.dispatch (/Users/joel/Desktop/HTML Y CSS/APIVideojuegos/node_modules/express/lib/router/route.js:114:3)
    at Layer.handle [as handle_request] (/Users/joel/Desktop/HTML Y CSS/APIVideojuegos/node_modules/express/lib/router/layer.js:95:5)
    at /Users/joel/Desktop/HTML Y CSS/APIVideojuegos/node_modules/express/lib/router/index.js:284:15
    at Function.process_params (/Users/joel/Desktop/HTML Y CSS/APIVideojuegos/node_modules/express/lib/router/index.js:346:12)
    at next (/Users/joel/Desktop/HTML Y CSS/APIVideojuegos/node_modules/express/lib/router/index.js:280:10)
    at Function.handle (/Users/joel/Desktop/HTML Y CSS/APIVideojuegos/node_modules/express/lib/router/index.js:175:3)
----------------------------------

11/29/2023, 3:40:48 PM | info | USER: Joel García
ROLES: User
ENDPOINT: /developers?minEmployees=1500&maxYear=2000
METHOD: GET
------------------------------

11/29/2023, 3:40:48 PM | error | USER: Joel García
ROLES: User
ENDPOINT: /developers?minEmployees=1500&maxYear=2000
METHOD: GET
ERROR: Error: {"message":"Min or Max number of employees are not valid"}
    at file:///Users/joel/Desktop/HTML%20Y%20CSS/APIVideojuegos/controllers/developers.js:19:165
    at file:///Users/joel/Desktop/HTML%20Y%20CSS/APIVideojuegos/utils/errorWrapper.js:3:9
    at Layer.handle [as handle_request] (/Users/joel/Desktop/HTML Y CSS/APIVideojuegos/node_modules/express/lib/router/layer.js:95:5)
    at next (/Users/joel/Desktop/HTML Y CSS/APIVideojuegos/node_modules/express/lib/router/route.js:144:13)
    at Route.dispatch (/Users/joel/Desktop/HTML Y CSS/APIVideojuegos/node_modules/express/lib/router/route.js:114:3)
    at Layer.handle [as handle_request] (/Users/joel/Desktop/HTML Y CSS/APIVideojuegos/node_modules/express/lib/router/layer.js:95:5)
    at /Users/joel/Desktop/HTML Y CSS/APIVideojuegos/node_modules/express/lib/router/index.js:284:15
    at Function.process_params (/Users/joel/Desktop/HTML Y CSS/APIVideojuegos/node_modules/express/lib/router/index.js:346:12)
    at next (/Users/joel/Desktop/HTML Y CSS/APIVideojuegos/node_modules/express/lib/router/index.js:280:10)
    at Function.handle (/Users/joel/Desktop/HTML Y CSS/APIVideojuegos/node_modules/express/lib/router/index.js:175:3)
----------------------------------



11/29/2023, 3:45:37 PM | info | USER: Joel García
ROLES: User
ENDPOINT: /developers?minEmployees=1500&maxYear=2000
METHOD: GET
------------------------------

11/29/2023, 3:45:37 PM | error | USER: Joel García
ROLES: User
ENDPOINT: /developers?minEmployees=1500&maxYear=2000
METHOD: GET
ERROR: Error: {"message":"Min or Max number of employees are not valid"}
    at file:///Users/joel/Desktop/HTML%20Y%20CSS/APIVideojuegos/controllers/developers.js:19:89
    at file:///Users/joel/Desktop/HTML%20Y%20CSS/APIVideojuegos/utils/errorWrapper.js:3:9
    at Layer.handle [as handle_request] (/Users/joel/Desktop/HTML Y CSS/APIVideojuegos/node_modules/express/lib/router/layer.js:95:5)
    at next (/Users/joel/Desktop/HTML Y CSS/APIVideojuegos/node_modules/express/lib/router/route.js:144:13)
    at Route.dispatch (/Users/joel/Desktop/HTML Y CSS/APIVideojuegos/node_modules/express/lib/router/route.js:114:3)
    at Layer.handle [as handle_request] (/Users/joel/Desktop/HTML Y CSS/APIVideojuegos/node_modules/express/lib/router/layer.js:95:5)
    at /Users/joel/Desktop/HTML Y CSS/APIVideojuegos/node_modules/express/lib/router/index.js:284:15
    at Function.process_params (/Users/joel/Desktop/HTML Y CSS/APIVideojuegos/node_modules/express/lib/router/index.js:346:12)
    at next (/Users/joel/Desktop/HTML Y CSS/APIVideojuegos/node_modules/express/lib/router/index.js:280:10)
    at Function.handle (/Users/joel/Desktop/HTML Y CSS/APIVideojuegos/node_modules/express/lib/router/index.js:175:3)
----------------------------------

11/29/2023, 3:46:39 PM | info | USER: Joel García
ROLES: User
ENDPOINT: /developers?minEmployees=1500&maxYear=2000
METHOD: GET
------------------------------

11/29/2023, 3:46:40 PM | error | USER: Joel García
ROLES: User
ENDPOINT: /developers?minEmployees=1500&maxYear=2000
METHOD: GET
ERROR: Error: {"message":"Min or Max number of employees are not valid"}
    at file:///Users/joel/Desktop/HTML%20Y%20CSS/APIVideojuegos/controllers/developers.js:19:89
    at file:///Users/joel/Desktop/HTML%20Y%20CSS/APIVideojuegos/utils/errorWrapper.js:3:9
    at Layer.handle [as handle_request] (/Users/joel/Desktop/HTML Y CSS/APIVideojuegos/node_modules/express/lib/router/layer.js:95:5)
    at next (/Users/joel/Desktop/HTML Y CSS/APIVideojuegos/node_modules/express/lib/router/route.js:144:13)
    at Route.dispatch (/Users/joel/Desktop/HTML Y CSS/APIVideojuegos/node_modules/express/lib/router/route.js:114:3)
    at Layer.handle [as handle_request] (/Users/joel/Desktop/HTML Y CSS/APIVideojuegos/node_modules/express/lib/router/layer.js:95:5)
    at /Users/joel/Desktop/HTML Y CSS/APIVideojuegos/node_modules/express/lib/router/index.js:284:15
    at Function.process_params (/Users/joel/Desktop/HTML Y CSS/APIVideojuegos/node_modules/express/lib/router/index.js:346:12)
    at next (/Users/joel/Desktop/HTML Y CSS/APIVideojuegos/node_modules/express/lib/router/index.js:280:10)
    at Function.handle (/Users/joel/Desktop/HTML Y CSS/APIVideojuegos/node_modules/express/lib/router/index.js:175:3)
----------------------------------

11/29/2023, 3:47:39 PM | info | USER: Joel García
ROLES: User
ENDPOINT: /developers?minEmployees=1500&maxYear=2000
METHOD: GET
------------------------------

11/29/2023, 3:47:49 PM | info | USER: Joel García
ROLES: User
ENDPOINT: /developers
METHOD: GET
------------------------------

11/29/2023, 4:01:59 PM | info | USER: Joel García
ROLES: User
ENDPOINT: /developers?minEmployees=1000&maxEmployees=2000
METHOD: GET
------------------------------


11/29/2023, 4:05:18 PM | info | USER: Joel García
ROLES: User
ENDPOINT: /developers?minEmployees=1000&maxEmployees=2000
METHOD: GET
------------------------------






11/29/2023, 4:07:58 PM | info | USER: Joel García
ROLES: User
ENDPOINT: /videogames
METHOD: GET
------------------------------

11/29/2023, 4:07:58 PM | error | USER: Joel García
ROLES: User
ENDPOINT: /videogames
METHOD: GET
ERROR: Error: {"message":"Min or Max year of the release of the videogame are not valid"}
    at file:///Users/joel/Desktop/HTML%20Y%20CSS/APIVideojuegos/controllers/videogames.js:16:93
    at file:///Users/joel/Desktop/HTML%20Y%20CSS/APIVideojuegos/utils/errorWrapper.js:3:9
    at Layer.handle [as handle_request] (/Users/joel/Desktop/HTML Y CSS/APIVideojuegos/node_modules/express/lib/router/layer.js:95:5)
    at next (/Users/joel/Desktop/HTML Y CSS/APIVideojuegos/node_modules/express/lib/router/route.js:144:13)
    at Route.dispatch (/Users/joel/Desktop/HTML Y CSS/APIVideojuegos/node_modules/express/lib/router/route.js:114:3)
    at Layer.handle [as handle_request] (/Users/joel/Desktop/HTML Y CSS/APIVideojuegos/node_modules/express/lib/router/layer.js:95:5)
    at /Users/joel/Desktop/HTML Y CSS/APIVideojuegos/node_modules/express/lib/router/index.js:284:15
    at Function.process_params (/Users/joel/Desktop/HTML Y CSS/APIVideojuegos/node_modules/express/lib/router/index.js:346:12)
    at next (/Users/joel/Desktop/HTML Y CSS/APIVideojuegos/node_modules/express/lib/router/index.js:280:10)
    at Function.handle (/Users/joel/Desktop/HTML Y CSS/APIVideojuegos/node_modules/express/lib/router/index.js:175:3)
----------------------------------

11/29/2023, 4:08:36 PM | info | USER: Joel García
ROLES: User
ENDPOINT: /videogames
METHOD: GET
------------------------------

11/29/2023, 4:08:36 PM | error | USER: Joel García
ROLES: User
ENDPOINT: /videogames
METHOD: GET
ERROR: ReferenceError: praeInt is not defined
    at file:///Users/joel/Desktop/HTML%20Y%20CSS/APIVideojuegos/controllers/videogames.js:12:32
    at file:///Users/joel/Desktop/HTML%20Y%20CSS/APIVideojuegos/utils/errorWrapper.js:3:9
    at Layer.handle [as handle_request] (/Users/joel/Desktop/HTML Y CSS/APIVideojuegos/node_modules/express/lib/router/layer.js:95:5)
    at next (/Users/joel/Desktop/HTML Y CSS/APIVideojuegos/node_modules/express/lib/router/route.js:144:13)
    at Route.dispatch (/Users/joel/Desktop/HTML Y CSS/APIVideojuegos/node_modules/express/lib/router/route.js:114:3)
    at Layer.handle [as handle_request] (/Users/joel/Desktop/HTML Y CSS/APIVideojuegos/node_modules/express/lib/router/layer.js:95:5)
    at /Users/joel/Desktop/HTML Y CSS/APIVideojuegos/node_modules/express/lib/router/index.js:284:15
    at Function.process_params (/Users/joel/Desktop/HTML Y CSS/APIVideojuegos/node_modules/express/lib/router/index.js:346:12)
    at next (/Users/joel/Desktop/HTML Y CSS/APIVideojuegos/node_modules/express/lib/router/index.js:280:10)
    at Function.handle (/Users/joel/Desktop/HTML Y CSS/APIVideojuegos/node_modules/express/lib/router/index.js:175:3)
----------------------------------

11/29/2023, 4:08:57 PM | info | USER: Joel García
ROLES: User
ENDPOINT: /videogames
METHOD: GET
------------------------------

11/29/2023, 4:10:02 PM | info | USER: Joel García
ROLES: User
ENDPOINT: /videogames?title=1
METHOD: GET
------------------------------

11/29/2023, 4:10:22 PM | info | USER: Joel García
ROLES: User
ENDPOINT: /videogames?title=1&genre=1
METHOD: GET
------------------------------

11/29/2023, 4:10:54 PM | info | USER: Joel García
ROLES: User
ENDPOINT: /videogames?title=1&genre=Action
METHOD: GET
------------------------------

11/29/2023, 4:11:33 PM | info | USER: Joel García
ROLES: User
ENDPOINT: /videogames?title=1&genre=[Action,%20Sports]
METHOD: GET
------------------------------

11/29/2023, 4:13:06 PM | info | USER: Joel García
ROLES: User
ENDPOINT: /videogames?title=1&genre=Action,Sports
METHOD: GET
------------------------------


11/29/2023, 4:13:31 PM | info | USER: Joel García
ROLES: User
ENDPOINT: /videogames?title=1&genre=Action,Sports
METHOD: GET
------------------------------


11/29/2023, 4:16:14 PM | info | USER: Joel García
ROLES: User
ENDPOINT: /videogames?title=1&genre=Action,Sports
METHOD: GET
------------------------------

11/29/2023, 4:20:00 PM | info | USER: Joel García
ROLES: User
ENDPOINT: /videogames?title=1&genre=Action,Sports&description=1
METHOD: GET
------------------------------

11/29/2023, 4:21:36 PM | info | USER: Joel García
ROLES: User
ENDPOINT: /videogames
METHOD: GET
------------------------------

11/29/2023, 4:21:37 PM | error | USER: Joel García
ROLES: User
ENDPOINT: /videogames
METHOD: GET
ERROR: TypeError: Cannot read properties of undefined (reading 'split')
    at file:///Users/joel/Desktop/HTML%20Y%20CSS/APIVideojuegos/controllers/videogames.js:24:50
    at file:///Users/joel/Desktop/HTML%20Y%20CSS/APIVideojuegos/utils/errorWrapper.js:3:9
    at Layer.handle [as handle_request] (/Users/joel/Desktop/HTML Y CSS/APIVideojuegos/node_modules/express/lib/router/layer.js:95:5)
    at next (/Users/joel/Desktop/HTML Y CSS/APIVideojuegos/node_modules/express/lib/router/route.js:144:13)
    at Route.dispatch (/Users/joel/Desktop/HTML Y CSS/APIVideojuegos/node_modules/express/lib/router/route.js:114:3)
    at Layer.handle [as handle_request] (/Users/joel/Desktop/HTML Y CSS/APIVideojuegos/node_modules/express/lib/router/layer.js:95:5)
    at /Users/joel/Desktop/HTML Y CSS/APIVideojuegos/node_modules/express/lib/router/index.js:284:15
    at Function.process_params (/Users/joel/Desktop/HTML Y CSS/APIVideojuegos/node_modules/express/lib/router/index.js:346:12)
    at next (/Users/joel/Desktop/HTML Y CSS/APIVideojuegos/node_modules/express/lib/router/index.js:280:10)
    at Function.handle (/Users/joel/Desktop/HTML Y CSS/APIVideojuegos/node_modules/express/lib/router/index.js:175:3)
----------------------------------



11/29/2023, 4:22:23 PM | info | USER: Joel García
ROLES: User
ENDPOINT: /videogames
METHOD: GET
------------------------------

11/29/2023, 4:22:23 PM | error | USER: Joel García
ROLES: User
ENDPOINT: /videogames
METHOD: GET
ERROR: TypeError: Cannot read properties of undefined (reading 'split')
    at file:///Users/joel/Desktop/HTML%20Y%20CSS/APIVideojuegos/controllers/videogames.js:24:59
    at file:///Users/joel/Desktop/HTML%20Y%20CSS/APIVideojuegos/utils/errorWrapper.js:3:9
    at Layer.handle [as handle_request] (/Users/joel/Desktop/HTML Y CSS/APIVideojuegos/node_modules/express/lib/router/layer.js:95:5)
    at next (/Users/joel/Desktop/HTML Y CSS/APIVideojuegos/node_modules/express/lib/router/route.js:144:13)
    at Route.dispatch (/Users/joel/Desktop/HTML Y CSS/APIVideojuegos/node_modules/express/lib/router/route.js:114:3)
    at Layer.handle [as handle_request] (/Users/joel/Desktop/HTML Y CSS/APIVideojuegos/node_modules/express/lib/router/layer.js:95:5)
    at /Users/joel/Desktop/HTML Y CSS/APIVideojuegos/node_modules/express/lib/router/index.js:284:15
    at Function.process_params (/Users/joel/Desktop/HTML Y CSS/APIVideojuegos/node_modules/express/lib/router/index.js:346:12)
    at next (/Users/joel/Desktop/HTML Y CSS/APIVideojuegos/node_modules/express/lib/router/index.js:280:10)
    at Function.handle (/Users/joel/Desktop/HTML Y CSS/APIVideojuegos/node_modules/express/lib/router/index.js:175:3)
----------------------------------

11/29/2023, 4:22:56 PM | info | USER: Joel García
ROLES: User
ENDPOINT: /videogames
METHOD: GET
------------------------------

11/29/2023, 4:22:56 PM | error | USER: Joel García
ROLES: User
ENDPOINT: /videogames
METHOD: GET
ERROR: TypeError: Cannot read properties of undefined (reading 'split')
    at file:///Users/joel/Desktop/HTML%20Y%20CSS/APIVideojuegos/controllers/videogames.js:24:60
    at file:///Users/joel/Desktop/HTML%20Y%20CSS/APIVideojuegos/utils/errorWrapper.js:3:9
    at Layer.handle [as handle_request] (/Users/joel/Desktop/HTML Y CSS/APIVideojuegos/node_modules/express/lib/router/layer.js:95:5)
    at next (/Users/joel/Desktop/HTML Y CSS/APIVideojuegos/node_modules/express/lib/router/route.js:144:13)
    at Route.dispatch (/Users/joel/Desktop/HTML Y CSS/APIVideojuegos/node_modules/express/lib/router/route.js:114:3)
    at Layer.handle [as handle_request] (/Users/joel/Desktop/HTML Y CSS/APIVideojuegos/node_modules/express/lib/router/layer.js:95:5)
    at /Users/joel/Desktop/HTML Y CSS/APIVideojuegos/node_modules/express/lib/router/index.js:284:15
    at Function.process_params (/Users/joel/Desktop/HTML Y CSS/APIVideojuegos/node_modules/express/lib/router/index.js:346:12)
    at next (/Users/joel/Desktop/HTML Y CSS/APIVideojuegos/node_modules/express/lib/router/index.js:280:10)
    at Function.handle (/Users/joel/Desktop/HTML Y CSS/APIVideojuegos/node_modules/express/lib/router/index.js:175:3)
----------------------------------

11/29/2023, 4:23:22 PM | info | USER: Joel García
ROLES: User
ENDPOINT: /videogames
METHOD: GET
------------------------------

11/29/2023, 4:23:31 PM | info | USER: Joel García
ROLES: User
ENDPOINT: /videogames?title=1&genre=Action,Sports&description=1
METHOD: GET
------------------------------

11/29/2023, 4:23:51 PM | info | USER: Joel García
ROLES: User
ENDPOINT: /videogames?minYearRelease=2010
METHOD: GET
------------------------------

11/29/2023, 4:24:21 PM | info | USER: Joel García
ROLES: User
ENDPOINT: /videogames?minYearRelease=2020
METHOD: GET
------------------------------






11/29/2023, 4:26:51 PM | info | USER: Joel García
ROLES: User
ENDPOINT: /videogames?minYearRelease=2020
METHOD: GET
------------------------------

11/29/2023, 4:27:11 PM | info | USER: Joel García
ROLES: User
ENDPOINT: /videogames?minRelease=2020
METHOD: GET
------------------------------


11/29/2023, 4:29:11 PM | info | USER: Joel García
ROLES: User
ENDPOINT: /videogames?minRelease=2020
METHOD: GET
------------------------------

11/29/2023, 4:31:11 PM | info | USER: Joel García
ROLES: User
ENDPOINT: /developers?minYear=2000
METHOD: GET
------------------------------






11/29/2023, 4:38:10 PM | info | USER: Joel García
ROLES: User
ENDPOINT: /developers?minYear=2000
METHOD: GET
------------------------------

11/29/2023, 4:38:37 PM | info | USER: Joel García
ROLES: User
ENDPOINT: /videogames?minRelease=2000
METHOD: GET
------------------------------

11/29/2023, 4:38:59 PM | info | USER: Joel García
ROLES: User
ENDPOINT: /videogames?minRelease=2020
METHOD: GET
------------------------------




11/29/2023, 4:41:07 PM | info | USER: Joel García
ROLES: User
ENDPOINT: /videogames?minRelease=2020
METHOD: GET
------------------------------

11/29/2023, 4:42:11 PM | info | USER: Joel García
ROLES: User
ENDPOINT: /videogames?minRelease=2018&maxRelease=2021
METHOD: GET
------------------------------














11/29/2023, 4:57:31 PM | info | USER: Joel García
ROLES: User
ENDPOINT: /dlcs?minRelease=2018&maxRelease=2021
METHOD: GET
------------------------------

11/29/2023, 4:57:31 PM | error | USER: Joel García
ROLES: User
ENDPOINT: /dlcs?minRelease=2018&maxRelease=2021
METHOD: GET
ERROR: ReferenceError: minEmployeesNumber is not defined
    at file:///Users/joel/Desktop/HTML%20Y%20CSS/APIVideojuegos/controllers/dlcs.js:20:23
    at file:///Users/joel/Desktop/HTML%20Y%20CSS/APIVideojuegos/utils/errorWrapper.js:3:9
    at Layer.handle [as handle_request] (/Users/joel/Desktop/HTML Y CSS/APIVideojuegos/node_modules/express/lib/router/layer.js:95:5)
    at next (/Users/joel/Desktop/HTML Y CSS/APIVideojuegos/node_modules/express/lib/router/route.js:144:13)
    at Route.dispatch (/Users/joel/Desktop/HTML Y CSS/APIVideojuegos/node_modules/express/lib/router/route.js:114:3)
    at Layer.handle [as handle_request] (/Users/joel/Desktop/HTML Y CSS/APIVideojuegos/node_modules/express/lib/router/layer.js:95:5)
    at /Users/joel/Desktop/HTML Y CSS/APIVideojuegos/node_modules/express/lib/router/index.js:284:15
    at Function.process_params (/Users/joel/Desktop/HTML Y CSS/APIVideojuegos/node_modules/express/lib/router/index.js:346:12)
    at next (/Users/joel/Desktop/HTML Y CSS/APIVideojuegos/node_modules/express/lib/router/index.js:280:10)
    at Function.handle (/Users/joel/Desktop/HTML Y CSS/APIVideojuegos/node_modules/express/lib/router/index.js:175:3)
----------------------------------

11/29/2023, 4:57:55 PM | info | USER: Joel García
ROLES: User
ENDPOINT: /dlcs?minRelease=2018&maxRelease=2021
METHOD: GET
------------------------------

11/29/2023, 4:58:26 PM | info | USER: Joel García
ROLES: User
ENDPOINT: /dlcs?minPrice=5&maxRelease=15
METHOD: GET
------------------------------

11/29/2023, 4:58:27 PM | error | USER: Joel García
ROLES: User
ENDPOINT: /dlcs?minPrice=5&maxRelease=15
METHOD: GET
ERROR: CastError: Cast to date failed for value "Invalid Date" (type Date) at path "release_date" for model "dlc"
    at SchemaDate.cast (/Users/joel/Desktop/HTML Y CSS/APIVideojuegos/node_modules/mongoose/lib/schema/date.js:376:11)
    at SchemaDate.handleSingle (/Users/joel/Desktop/HTML Y CSS/APIVideojuegos/node_modules/mongoose/lib/schema/date.js:388:15)
    at SchemaDate.castForQuery (/Users/joel/Desktop/HTML Y CSS/APIVideojuegos/node_modules/mongoose/lib/schema/date.js:419:18)
    at cast (/Users/joel/Desktop/HTML Y CSS/APIVideojuegos/node_modules/mongoose/lib/cast.js:352:39)
    at Query.cast (/Users/joel/Desktop/HTML Y CSS/APIVideojuegos/node_modules/mongoose/lib/query.js:4910:12)
    at Query._castConditions (/Users/joel/Desktop/HTML Y CSS/APIVideojuegos/node_modules/mongoose/lib/query.js:2232:10)
    at model.Query._find (/Users/joel/Desktop/HTML Y CSS/APIVideojuegos/node_modules/mongoose/lib/query.js:2258:8)
    at model.Query.exec (/Users/joel/Desktop/HTML Y CSS/APIVideojuegos/node_modules/mongoose/lib/query.js:4430:28)
    at process.processTicksAndRejections (node:internal/process/task_queues:95:5)
    at async file:///Users/joel/Desktop/HTML%20Y%20CSS/APIVideojuegos/controllers/dlcs.js:29:21
----------------------------------
11/29/2023, 4:58:41 PM | info | USER: Joel García
ROLES: User
ENDPOINT: /dlcs?minPrice=5&maxPrice=15
METHOD: GET
------------------------------






11/29/2023, 5:01:01 PM | info | USER: Joel García
ROLES: User
ENDPOINT: /dlcs?minPrice=5&maxPrice=15
METHOD: GET
------------------------------






11/29/2023, 5:02:49 PM | info | USER: Joel García
ROLES: User
ENDPOINT: /dlcs?minPrice=5&maxPrice=15
METHOD: GET
------------------------------

11/29/2023, 5:02:50 PM | error | USER: Joel García
ROLES: User
ENDPOINT: /dlcs?minPrice=5&maxPrice=15
METHOD: GET
ERROR: ReferenceError: isValidNumber is not defined
    at file:///Users/joel/Desktop/HTML%20Y%20CSS/APIVideojuegos/controllers/dlcs.js:17:5
    at file:///Users/joel/Desktop/HTML%20Y%20CSS/APIVideojuegos/utils/errorWrapper.js:3:9
    at Layer.handle [as handle_request] (/Users/joel/Desktop/HTML Y CSS/APIVideojuegos/node_modules/express/lib/router/layer.js:95:5)
    at next (/Users/joel/Desktop/HTML Y CSS/APIVideojuegos/node_modules/express/lib/router/route.js:144:13)
    at Route.dispatch (/Users/joel/Desktop/HTML Y CSS/APIVideojuegos/node_modules/express/lib/router/route.js:114:3)
    at Layer.handle [as handle_request] (/Users/joel/Desktop/HTML Y CSS/APIVideojuegos/node_modules/express/lib/router/layer.js:95:5)
    at /Users/joel/Desktop/HTML Y CSS/APIVideojuegos/node_modules/express/lib/router/index.js:284:15
    at Function.process_params (/Users/joel/Desktop/HTML Y CSS/APIVideojuegos/node_modules/express/lib/router/index.js:346:12)
    at next (/Users/joel/Desktop/HTML Y CSS/APIVideojuegos/node_modules/express/lib/router/index.js:280:10)
    at Function.handle (/Users/joel/Desktop/HTML Y CSS/APIVideojuegos/node_modules/express/lib/router/index.js:175:3)
----------------------------------

11/29/2023, 5:03:15 PM | info | USER: Joel García
ROLES: User
ENDPOINT: /dlcs?minPrice=5&maxPrice=15
METHOD: GET
------------------------------

11/29/2023, 5:04:04 PM | info | USER: Joel García
ROLES: User
ENDPOINT: /dlcs?minPrice=5&maxPrice=15&name=1
METHOD: GET
------------------------------








































































11/29/2023, 9:39:03 PM | info | USER: Joel García
ROLES: User
ENDPOINT: /teams
METHOD: GET
------------------------------

11/29/2023, 9:39:12 PM | info | USER: Joel García
ROLES: User
ENDPOINT: /teams?name=1
METHOD: GET
------------------------------


11/29/2023, 9:40:25 PM | info | USER: Joel García
ROLES: User
ENDPOINT: /teams?name=1
METHOD: GET
------------------------------


11/29/2023, 9:40:51 PM | info | USER: Joel García
ROLES: User
ENDPOINT: /teams?name=1
METHOD: GET
------------------------------


11/29/2023, 9:41:57 PM | info | USER: Joel García
ROLES: User
ENDPOINT: /teams?name=1
METHOD: GET
------------------------------

11/29/2023, 9:42:08 PM | info | USER: Joel García
ROLES: User
ENDPOINT: /developers?name=1
METHOD: GET
------------------------------




11/29/2023, 9:43:34 PM | info | USER: Joel García
ROLES: User
ENDPOINT: /teams?name=1
METHOD: GET
------------------------------

11/29/2023, 9:43:35 PM | error | USER: Joel García
ROLES: User
ENDPOINT: /teams?name=1
METHOD: GET
ERROR: ReferenceError: finalFields is not defined
    at file:///Users/joel/Desktop/HTML%20Y%20CSS/APIVideojuegos/controllers/teams.js:22:17
    at file:///Users/joel/Desktop/HTML%20Y%20CSS/APIVideojuegos/utils/errorWrapper.js:3:9
    at Layer.handle [as handle_request] (/Users/joel/Desktop/HTML Y CSS/APIVideojuegos/node_modules/express/lib/router/layer.js:95:5)
    at next (/Users/joel/Desktop/HTML Y CSS/APIVideojuegos/node_modules/express/lib/router/route.js:144:13)
    at Route.dispatch (/Users/joel/Desktop/HTML Y CSS/APIVideojuegos/node_modules/express/lib/router/route.js:114:3)
    at Layer.handle [as handle_request] (/Users/joel/Desktop/HTML Y CSS/APIVideojuegos/node_modules/express/lib/router/layer.js:95:5)
    at /Users/joel/Desktop/HTML Y CSS/APIVideojuegos/node_modules/express/lib/router/index.js:284:15
    at Function.process_params (/Users/joel/Desktop/HTML Y CSS/APIVideojuegos/node_modules/express/lib/router/index.js:346:12)
    at next (/Users/joel/Desktop/HTML Y CSS/APIVideojuegos/node_modules/express/lib/router/index.js:280:10)
    at Function.handle (/Users/joel/Desktop/HTML Y CSS/APIVideojuegos/node_modules/express/lib/router/index.js:175:3)
----------------------------------

11/29/2023, 9:43:56 PM | info | USER: Joel García
ROLES: User
ENDPOINT: /teams?name=1
METHOD: GET
------------------------------


11/29/2023, 9:44:31 PM | info | USER: Joel García
ROLES: User
ENDPOINT: /teams?name=1
METHOD: GET
------------------------------

11/29/2023, 9:44:50 PM | info | USER: Joel García
ROLES: User
ENDPOINT: /teams?name=1&achievements=1
METHOD: GET
------------------------------


11/29/2023, 9:45:39 PM | info | USER: Joel García
ROLES: User
ENDPOINT: /teams?name=1&achievements=Esports%20Championships
METHOD: GET
------------------------------

11/29/2023, 9:46:26 PM | info | USER: Joel García
ROLES: User
ENDPOINT: /teams?name=1&achievements=Esports%20Championships
METHOD: GET
------------------------------

11/29/2023, 9:47:52 PM | info | USER: Joel García
ROLES: User
ENDPOINT: /teams?name=1&achievements=Esports%20Championships
METHOD: GET
------------------------------

11/29/2023, 9:48:19 PM | info | USER: Joel García
ROLES: User
ENDPOINT: /teams?name=1&achievements=Esports%20Championships
METHOD: GET
------------------------------


11/29/2023, 9:48:36 PM | info | USER: Joel García
ROLES: User
ENDPOINT: /teams?name=1&achievements=Esports%20Championships
METHOD: GET
------------------------------




11/29/2023, 9:49:19 PM | info | USER: Joel García
ROLES: User
ENDPOINT: /teams?name=1&achievements=Esports%20Championships
METHOD: GET
------------------------------


11/29/2023, 9:50:17 PM | info | USER: Joel García
ROLES: User
ENDPOINT: /teams?name=1&achievements=Esports%20Legacy
METHOD: GET
------------------------------

11/29/2023, 9:50:46 PM | info | USER: Joel García
ROLES: User
ENDPOINT: /teams?name=1&games=CS:GO
METHOD: GET
------------------------------

11/29/2023, 9:51:00 PM | info | USER: Joel García
ROLES: User
ENDPOINT: /teams?games=CS:GO
METHOD: GET
------------------------------

11/29/2023, 9:51:18 PM | info | USER: Joel García
ROLES: User
ENDPOINT: /teams?games=CS:GO,VALORANT
METHOD: GET
------------------------------

11/29/2023, 9:52:03 PM | info | USER: Joel García
ROLES: User
ENDPOINT: /teams?games=CS:GO
METHOD: GET
------------------------------


11/29/2023, 9:53:20 PM | info | USER: Joel García
ROLES: User
ENDPOINT: /roles
METHOD: GET
------------------------------




11/29/2023, 9:54:53 PM | info | USER: Joel García
ROLES: User
ENDPOINT: /roles
METHOD: GET
------------------------------


11/29/2023, 9:56:49 PM | info | USER: Joel García
ROLES: User
ENDPOINT: /roles
METHOD: GET
------------------------------








11/29/2023, 9:59:58 PM | error | USER: unknown
ROLES: 
ENDPOINT: /roles/
METHOD: GET
ERROR: Error: {"message":"Don't have the right permissions to access the endpoint \"/roles/\""}
    at file:///Users/joel/Desktop/HTML%20Y%20CSS/APIVideojuegos/middlewares/auth.js:15:138
----------------------------------

11/29/2023, 10:17:48 PM | error | USER: unknown
ROLES: 
ENDPOINT: /roles/
METHOD: GET
ERROR: Error: {"message":"Don't have the right permissions to access the endpoint /roles/"}
    at file:///Users/joel/Desktop/HTML%20Y%20CSS/APIVideojuegos/middlewares/auth.js:15:138
----------------------------------

11/29/2023, 10:21:08 PM | error | USER: unknown
ROLES: 
ENDPOINT: /roles/
METHOD: POST
ERROR: Error: {"message":"Don't have the right permissions to access the endpoint /roles/"}
    at file:///Users/joel/Desktop/HTML%20Y%20CSS/APIVideojuegos/middlewares/auth.js:15:138
----------------------------------

11/29/2023, 10:22:42 PM | info | USER: Joel García
ROLES: User, Admin
ENDPOINT: /roles/
METHOD: GET
------------------------------

11/29/2023, 10:24:16 PM | info | USER: Joel García
ROLES: User, Admin
ENDPOINT: /comments
METHOD: GET
------------------------------
11/29/2023, 10:24:16 PM | error | USER: Joel García
ROLES: User, Admin
ENDPOINT: /comments
METHOD: GET
ERROR: ReferenceError: isValidNumber is not defined
    at file:///Users/joel/Desktop/HTML%20Y%20CSS/APIVideojuegos/controllers/comments.js:18:5
    at file:///Users/joel/Desktop/HTML%20Y%20CSS/APIVideojuegos/utils/errorWrapper.js:3:9
    at Layer.handle [as handle_request] (/Users/joel/Desktop/HTML Y CSS/APIVideojuegos/node_modules/express/lib/router/layer.js:95:5)
    at next (/Users/joel/Desktop/HTML Y CSS/APIVideojuegos/node_modules/express/lib/router/route.js:144:13)
    at Route.dispatch (/Users/joel/Desktop/HTML Y CSS/APIVideojuegos/node_modules/express/lib/router/route.js:114:3)
    at Layer.handle [as handle_request] (/Users/joel/Desktop/HTML Y CSS/APIVideojuegos/node_modules/express/lib/router/layer.js:95:5)
    at /Users/joel/Desktop/HTML Y CSS/APIVideojuegos/node_modules/express/lib/router/index.js:284:15
    at Function.process_params (/Users/joel/Desktop/HTML Y CSS/APIVideojuegos/node_modules/express/lib/router/index.js:346:12)
    at next (/Users/joel/Desktop/HTML Y CSS/APIVideojuegos/node_modules/express/lib/router/index.js:280:10)
    at Function.handle (/Users/joel/Desktop/HTML Y CSS/APIVideojuegos/node_modules/express/lib/router/index.js:175:3)
----------------------------------

11/29/2023, 10:24:39 PM | info | USER: Joel García
ROLES: User, Admin
ENDPOINT: /comments
METHOD: GET
------------------------------
11/29/2023, 10:27:48 PM | info | USER: Joel García
ROLES: User, Admin
ENDPOINT: /comments?content=1
METHOD: GET
------------------------------

11/29/2023, 10:28:51 PM | info | USER: Joel García
ROLES: User, Admin
ENDPOINT: /comments?content=1
METHOD: GET
------------------------------

11/29/2023, 10:29:00 PM | info | USER: Joel García
ROLES: User, Admin
ENDPOINT: /comments?content=1
METHOD: GET
------------------------------
11/29/2023, 10:29:20 PM | info | USER: Joel García
ROLES: User, Admin
ENDPOINT: /comments?content=1&author=1
METHOD: GET
------------------------------
11/29/2023, 10:29:56 PM | info | USER: Joel García
ROLES: User, Admin
ENDPOINT: /comments?content=1&author=gamer
METHOD: GET
------------------------------
11/29/2023, 10:30:00 PM | info | USER: Joel García
ROLES: User, Admin
ENDPOINT: /comments?content=1&author=gamer123
METHOD: GET
------------------------------
11/29/2023, 10:30:06 PM | info | USER: Joel García
ROLES: User, Admin
ENDPOINT: /comments?content=1&author=Gamer
METHOD: GET
------------------------------



11/29/2023, 10:31:01 PM | info | USER: Joel García
ROLES: User, Admin
ENDPOINT: /comments?content=1&author=Gamer
METHOD: GET
------------------------------
11/29/2023, 10:31:10 PM | info | USER: Joel García
ROLES: User, Admin
ENDPOINT: /comments?author=Gamer
METHOD: GET
------------------------------

11/29/2023, 10:32:07 PM | info | USER: Joel García
ROLES: User, Admin
ENDPOINT: /comments?minPuntuation=3
METHOD: GET
------------------------------
11/29/2023, 10:32:32 PM | info | USER: Joel García
ROLES: User, Admin
ENDPOINT: /comments?maxPuntuation=3
METHOD: GET
------------------------------
11/29/2023, 10:33:23 PM | info | USER: Joel García
ROLES: User, Admin
ENDPOINT: /comments?minDate=2020
METHOD: GET
------------------------------
11/29/2023, 10:33:51 PM | info | USER: Joel García
ROLES: User, Admin
ENDPOINT: /comments?maxDate=2020
METHOD: GET
------------------------------
11/29/2023, 10:36:51 PM | info | USER: Joel García
ROLES: User, Admin
ENDPOINT: /comments?maxDate=2020
METHOD: GET
------------------------------

11/29/2023, 10:38:31 PM | info | USER: Joel García
ROLES: User, Admin
ENDPOINT: /comments?maxYear=2020
METHOD: GET
------------------------------
11/29/2023, 10:38:31 PM | error | USER: Joel García
ROLES: User, Admin
ENDPOINT: /comments?maxYear=2020
METHOD: GET
ERROR: ReferenceError: minYearNumber is not defined
    at file:///Users/joel/Desktop/HTML%20Y%20CSS/APIVideojuegos/controllers/comments.js:19:24
    at file:///Users/joel/Desktop/HTML%20Y%20CSS/APIVideojuegos/utils/errorWrapper.js:3:9
    at Layer.handle [as handle_request] (/Users/joel/Desktop/HTML Y CSS/APIVideojuegos/node_modules/express/lib/router/layer.js:95:5)
    at next (/Users/joel/Desktop/HTML Y CSS/APIVideojuegos/node_modules/express/lib/router/route.js:144:13)
    at Route.dispatch (/Users/joel/Desktop/HTML Y CSS/APIVideojuegos/node_modules/express/lib/router/route.js:114:3)
    at Layer.handle [as handle_request] (/Users/joel/Desktop/HTML Y CSS/APIVideojuegos/node_modules/express/lib/router/layer.js:95:5)
    at /Users/joel/Desktop/HTML Y CSS/APIVideojuegos/node_modules/express/lib/router/index.js:284:15
    at Function.process_params (/Users/joel/Desktop/HTML Y CSS/APIVideojuegos/node_modules/express/lib/router/index.js:346:12)
    at next (/Users/joel/Desktop/HTML Y CSS/APIVideojuegos/node_modules/express/lib/router/index.js:280:10)
    at Function.handle (/Users/joel/Desktop/HTML Y CSS/APIVideojuegos/node_modules/express/lib/router/index.js:175:3)
----------------------------------

11/29/2023, 10:38:43 PM | info | USER: Joel García
ROLES: User, Admin
ENDPOINT: /comments?maxYear=2020
METHOD: GET
------------------------------

11/29/2023, 10:39:03 PM | info | USER: Joel García
ROLES: User, Admin
ENDPOINT: /comments?maxYear=2020
METHOD: GET
------------------------------
11/29/2023, 10:39:12 PM | info | USER: Joel García
ROLES: User, Admin
ENDPOINT: /comments?minYear=2020
METHOD: GET
------------------------------

11/29/2023, 10:40:35 PM | info | USER: Joel García
ROLES: User, Admin
ENDPOINT: /users
METHOD: GET
------------------------------
11/29/2023, 10:40:48 PM | info | USER: Joel García
ROLES: User, Admin
ENDPOINT: /users
METHOD: GET
------------------------------
11/29/2023, 10:40:49 PM | info | USER: Joel García
ROLES: User, Admin
ENDPOINT: /users
METHOD: GET
------------------------------
11/29/2023, 10:40:50 PM | info | USER: Joel García
ROLES: User, Admin
ENDPOINT: /users
METHOD: GET
------------------------------
11/29/2023, 10:40:51 PM | info | USER: Joel García
ROLES: User, Admin
ENDPOINT: /users
METHOD: GET
------------------------------
11/29/2023, 10:40:51 PM | info | USER: Joel García
ROLES: User, Admin
ENDPOINT: /users
METHOD: GET
------------------------------
11/29/2023, 10:40:52 PM | info | USER: Joel García
ROLES: User, Admin
ENDPOINT: /users
METHOD: GET
------------------------------
11/29/2023, 10:40:53 PM | info | USER: Joel García
ROLES: User, Admin
ENDPOINT: /users
METHOD: GET
------------------------------
11/29/2023, 10:40:54 PM | info | USER: Joel García
ROLES: User, Admin
ENDPOINT: /users
METHOD: GET
------------------------------
11/29/2023, 10:40:55 PM | info | USER: Joel García
ROLES: User, Admin
ENDPOINT: /users
METHOD: GET
------------------------------
11/29/2023, 10:40:56 PM | info | USER: Joel García
ROLES: User, Admin
ENDPOINT: /users
METHOD: GET
------------------------------
11/29/2023, 10:40:57 PM | info | USER: Joel García
ROLES: User, Admin
ENDPOINT: /users
METHOD: GET
------------------------------
11/29/2023, 10:40:58 PM | info | USER: Joel García
ROLES: User, Admin
ENDPOINT: /users
METHOD: GET
------------------------------
11/29/2023, 10:40:58 PM | info | USER: Joel García
ROLES: User, Admin
ENDPOINT: /users
METHOD: GET
------------------------------
11/29/2023, 10:40:59 PM | info | USER: Joel García
ROLES: User, Admin
ENDPOINT: /users
METHOD: GET
------------------------------













11/29/2023, 11:02:36 PM | info | USER: Joel García
ROLES: User, Admin
ENDPOINT: /users
METHOD: POST
------------------------------
11/29/2023, 11:04:46 PM | info | USER: Joel García
ROLES: User, Admin
ENDPOINT: /users
METHOD: GET
------------------------------
11/29/2023, 11:05:34 PM | info | USER: prueba
ROLES: User
ENDPOINT: /users
METHOD: GET
------------------------------
11/29/2023, 11:05:34 PM | error | USER: prueba
ROLES: User
ENDPOINT: /users
METHOD: GET
ERROR: MongoServerError: E11000 duplicate key error collection: 65389cb457031162c076a5d2_proyecto.users index: usage.date_1 dup key: { usage.date: new Date(1701237600000) }
    at /Users/joel/Desktop/HTML Y CSS/APIVideojuegos/node_modules/mongodb/lib/operations/update.js:70:33
    at /Users/joel/Desktop/HTML Y CSS/APIVideojuegos/node_modules/mongodb/lib/operations/command.js:84:64
    at process.processTicksAndRejections (node:internal/process/task_queues:95:5)
----------------------------------
11/29/2023, 11:12:21 PM | info | USER: prueba
ROLES: User
ENDPOINT: /users
METHOD: GET
------------------------------
11/29/2023, 11:12:21 PM | error | USER: prueba
ROLES: User
ENDPOINT: /users
METHOD: GET
ERROR: MongoServerError: E11000 duplicate key error collection: 65389cb457031162c076a5d2_proyecto.users index: usage.date_1 dup key: { usage.date: new Date(1701237600000) }
    at /Users/joel/Desktop/HTML Y CSS/APIVideojuegos/node_modules/mongodb/lib/operations/update.js:70:33
    at /Users/joel/Desktop/HTML Y CSS/APIVideojuegos/node_modules/mongodb/lib/operations/command.js:84:64
    at process.processTicksAndRejections (node:internal/process/task_queues:95:5)
----------------------------------

11/29/2023, 11:14:48 PM | info | USER: prueba
ROLES: User
ENDPOINT: /users
METHOD: GET
------------------------------
11/29/2023, 11:14:49 PM | error | USER: prueba
ROLES: User
ENDPOINT: /users
METHOD: GET
ERROR: MongoServerError: E11000 duplicate key error collection: 65389cb457031162c076a5d2_proyecto.users index: usage.date_1 dup key: { usage.date: new Date(1701237600000) }
    at /Users/joel/Desktop/HTML Y CSS/APIVideojuegos/node_modules/mongodb/lib/operations/update.js:70:33
    at /Users/joel/Desktop/HTML Y CSS/APIVideojuegos/node_modules/mongodb/lib/operations/command.js:84:64
    at process.processTicksAndRejections (node:internal/process/task_queues:95:5)
----------------------------------

11/29/2023, 11:20:57 PM | info | USER: prueba
ROLES: User
ENDPOINT: /users
METHOD: GET
------------------------------
11/29/2023, 11:20:57 PM | error | USER: prueba
ROLES: User
ENDPOINT: /users
METHOD: GET
ERROR: MongoServerError: E11000 duplicate key error collection: 65389cb457031162c076a5d2_proyecto.users index: usage.date_1 dup key: { usage.date: new Date(1701237600000) }
    at /Users/joel/Desktop/HTML Y CSS/APIVideojuegos/node_modules/mongodb/lib/operations/update.js:70:33
    at /Users/joel/Desktop/HTML Y CSS/APIVideojuegos/node_modules/mongodb/lib/operations/command.js:84:64
    at process.processTicksAndRejections (node:internal/process/task_queues:95:5)
----------------------------------





11/29/2023, 11:22:31 PM | info | USER: prueba
ROLES: User
ENDPOINT: /users
METHOD: GET
------------------------------
11/29/2023, 11:22:31 PM | error | USER: prueba
ROLES: User
ENDPOINT: /users
METHOD: GET
ERROR: MongoServerError: Plan executor error during findAndModify :: caused by :: E11000 duplicate key error collection: proyecto.users index: usage.date_1 dup key: { usage.date: new Date(1701237600000) }
    at Connection.onMessage (/Users/joel/Desktop/HTML Y CSS/APIVideojuegos/node_modules/mongodb/lib/cmap/connection.js:202:26)
    at MessageStream.<anonymous> (/Users/joel/Desktop/HTML Y CSS/APIVideojuegos/node_modules/mongodb/lib/cmap/connection.js:61:60)
    at MessageStream.emit (node:events:514:28)
    at processIncomingData (/Users/joel/Desktop/HTML Y CSS/APIVideojuegos/node_modules/mongodb/lib/cmap/message_stream.js:124:16)
    at MessageStream._write (/Users/joel/Desktop/HTML Y CSS/APIVideojuegos/node_modules/mongodb/lib/cmap/message_stream.js:33:9)
    at writeOrBuffer (node:internal/streams/writable:447:12)
    at _write (node:internal/streams/writable:389:10)
    at Writable.write (node:internal/streams/writable:393:10)
    at TLSSocket.ondata (node:internal/streams/readable:817:22)
    at TLSSocket.emit (node:events:514:28)
----------------------------------

