



11/30/2023, 12:35:24 PM | info | USER: prueba
ROLES: User
ENDPOINT: /videogames/
METHOD: GET
------------------------------
11/30/2023, 12:35:24 PM | error | USER: prueba
ROLES: User
ENDPOINT: /videogames/
METHOD: GET
ERROR: ReferenceError: args is not defined
    at filters (file:///Users/joel/Desktop/HTML%20Y%20CSS/APIVideojuegos/utils/filterVideogames.js:25:5)
    at file:///Users/joel/Desktop/HTML%20Y%20CSS/APIVideojuegos/controllers/videogames.js:32:47
    at file:///Users/joel/Desktop/HTML%20Y%20CSS/APIVideojuegos/utils/errorWrapper.js:3:9
    at Layer.handle [as handle_request] (/Users/joel/Desktop/HTML Y CSS/APIVideojuegos/node_modules/express/lib/router/layer.js:95:5)
    at next (/Users/joel/Desktop/HTML Y CSS/APIVideojuegos/node_modules/express/lib/router/route.js:144:13)
    at Route.dispatch (/Users/joel/Desktop/HTML Y CSS/APIVideojuegos/node_modules/express/lib/router/route.js:114:3)
    at Layer.handle [as handle_request] (/Users/joel/Desktop/HTML Y CSS/APIVideojuegos/node_modules/express/lib/router/layer.js:95:5)
    at /Users/joel/Desktop/HTML Y CSS/APIVideojuegos/node_modules/express/lib/router/index.js:284:15
    at Function.process_params (/Users/joel/Desktop/HTML Y CSS/APIVideojuegos/node_modules/express/lib/router/index.js:346:12)
    at next (/Users/joel/Desktop/HTML Y CSS/APIVideojuegos/node_modules/express/lib/router/index.js:280:10)
----------------------------------

11/30/2023, 12:35:43 PM | info | USER: prueba
ROLES: User
ENDPOINT: /videogames/
METHOD: GET
------------------------------
11/30/2023, 12:35:52 PM | info | USER: prueba
ROLES: User
ENDPOINT: /videogames?title=1
METHOD: GET
------------------------------
11/30/2023, 12:36:00 PM | info | USER: prueba
ROLES: User
ENDPOINT: /videogames?title=1&genre=Action,Sports&description=1
METHOD: GET
------------------------------





11/30/2023, 12:37:17 PM | info | USER: prueba
ROLES: User
ENDPOINT: /comments?minYear=2020
METHOD: GET
------------------------------







11/30/2023, 12:40:05 PM | info | USER: prueba
ROLES: User
ENDPOINT: /developers?minEmployees=1000&maxEmployees=2000
METHOD: GET
------------------------------



11/30/2023, 12:42:02 PM | info | USER: prueba
ROLES: User
ENDPOINT: /dlcs?minPrice=5&maxPrice=15&name=1
METHOD: GET
------------------------------



11/30/2023, 12:42:53 PM | info | USER: prueba
ROLES: User
ENDPOINT: /roles
METHOD: GET
------------------------------



11/30/2023, 12:43:43 PM | info | USER: prueba
ROLES: User
ENDPOINT: /teams?games=CS:GO,VALORANT
METHOD: GET
------------------------------

















11/30/2023, 4:13:12 PM | info | USER: prueba
ROLES: User
ENDPOINT: /teams/65442f92c6ea6db22c49615e
METHOD: GET
------------------------------
11/30/2023, 4:14:21 PM | error | USER: prueba
ROLES: User
ENDPOINT: /teams/65442f92c6ea6db22c49615e
METHOD: PATCH
ERROR: Error: {"message":"Don't have the right permissions to access the endpoint /teams/65442f92c6ea6db22c49615e"}
    at file:///Users/joel/Desktop/HTML%20Y%20CSS/APIVideojuegos/middlewares/auth.js:18:141
----------------------------------
11/30/2023, 4:16:12 PM | info | USER: prueba
ROLES: User, Moderator
ENDPOINT: /teams/65442f92c6ea6db22c49615e
METHOD: PATCH
------------------------------

11/30/2023, 4:19:50 PM | info | USER: prueba
ROLES: User, Moderator
ENDPOINT: /teams/65442f92c6ea6db22c49615e
METHOD: PATCH
------------------------------











11/30/2023, 4:45:54 PM | error | USER: prueba
ROLES: User, Moderator
ENDPOINT: /teams/65442f92c6ea6db22c49615e
METHOD: DELETE
ERROR: Error: {"message":"Don't have the right permissions to access the endpoint \"/teams/65442f92c6ea6db22c49615e\""}
    at file:///Users/joel/Desktop/HTML%20Y%20CSS/APIVideojuegos/middlewares/auth.js:20:94
----------------------------------

11/30/2023, 4:46:24 PM | error | USER: prueba
ROLES: User, Moderator
ENDPOINT: /teams/65442f92c6ea6db22c49615e
METHOD: DELETE
ERROR: Error: {"message":"Don't have the right permissions to access the endpoint /teams/65442f92c6ea6db22c49615e"}
    at file:///Users/joel/Desktop/HTML%20Y%20CSS/APIVideojuegos/middlewares/auth.js:20:94
----------------------------------
11/30/2023, 4:46:43 PM | info | USER: Joel García
ROLES: User, Admin
ENDPOINT: /teams/65442f92c6ea6db22c49615e
METHOD: DELETE
------------------------------
11/30/2023, 4:50:03 PM | info | USER: Joel García
ROLES: User, Admin
ENDPOINT: /teams/65442f92c6ea6db22c49615e
METHOD: DELETE
------------------------------
11/30/2023, 4:50:03 PM | error | USER: Joel García
ROLES: User, Admin
ENDPOINT: /teams/65442f92c6ea6db22c49615e
METHOD: DELETE
ERROR: Error: {"message":"Cannot delete the requested document"}
    at file:///Users/joel/Desktop/HTML%20Y%20CSS/APIVideojuegos/controllers/teams.js:67:30
    at process.processTicksAndRejections (node:internal/process/task_queues:95:5)
----------------------------------
11/30/2023, 4:50:30 PM | info | USER: Joel García
ROLES: User, Admin
ENDPOINT: /teams/
METHOD: POST
------------------------------
11/30/2023, 4:51:31 PM | info | USER: Joel García
ROLES: User, Admin
ENDPOINT: /teams/656911b647238c328d4d2dda
METHOD: DELETE
------------------------------

11/30/2023, 4:51:58 PM | info | USER: Joel García
ROLES: User, Admin
ENDPOINT: /teams/
METHOD: POST
------------------------------
11/30/2023, 4:52:17 PM | info | USER: Joel García
ROLES: User, Admin
ENDPOINT: /teams/6569120ea51c774bade4459e
METHOD: DELETE
------------------------------





11/30/2023, 5:18:32 PM | info | USER: Joel García
ROLES: User, Admin
ENDPOINT: /teams/
METHOD: POST
------------------------------
11/30/2023, 5:19:13 PM | info | USER: Joel García
ROLES: User, Admin
ENDPOINT: /teams/65691849020fcdd8a67f7fea
METHOD: DELETE
------------------------------











11/30/2023, 5:21:42 PM | info | USER: Joel García
ROLES: User, Admin
ENDPOINT: /teams/
METHOD: POST
------------------------------
11/30/2023, 5:21:54 PM | info | USER: Joel García
ROLES: User, Admin
ENDPOINT: /roles/
METHOD: GET
------------------------------
11/30/2023, 5:23:44 PM | info | USER: Joel García
ROLES: User, Admin
ENDPOINT: /roles/6545b96260fc68501c7777be
METHOD: PATCH
------------------------------
11/30/2023, 5:23:59 PM | info | USER: Joel García
ROLES: User, Admin
ENDPOINT: /roles/6545b96260fc68501c7777be
METHOD: PATCH
------------------------------
11/30/2023, 5:24:51 PM | info | USER: Joel García
ROLES: User, Admin
ENDPOINT: /roles/6545b96260fc68501c7777be
METHOD: DELETE
------------------------------
11/30/2023, 5:25:12 PM | info | USER: Joel García
ROLES: User, Admin
ENDPOINT: /roles
METHOD: POST
------------------------------
11/30/2023, 5:25:12 PM | error | USER: Joel García
ROLES: User, Admin
ENDPOINT: /roles
METHOD: POST
ERROR: Error: [
  {
    "code": "invalid_type",
    "expected": "number",
    "received": "undefined",
    "path": [
      "price"
    ],
    "message": "The field price is required"
  },
  {
    "code": "invalid_type",
    "expected": "string",
    "received": "undefined",
    "path": [
      "release_date"
    ],
    "message": "Required"
  },
  {
    "code": "invalid_type",
    "expected": "string",
    "received": "undefined",
    "path": [
      "videogame"
    ],
    "message": "The field videogame is required"
  }
]
    at file:///Users/joel/Desktop/HTML%20Y%20CSS/APIVideojuegos/controllers/roles.js:44:29
    at file:///Users/joel/Desktop/HTML%20Y%20CSS/APIVideojuegos/utils/errorWrapper.js:3:9
    at Layer.handle [as handle_request] (/Users/joel/Desktop/HTML Y CSS/APIVideojuegos/node_modules/express/lib/router/layer.js:95:5)
    at next (/Users/joel/Desktop/HTML Y CSS/APIVideojuegos/node_modules/express/lib/router/route.js:144:13)
    at Route.dispatch (/Users/joel/Desktop/HTML Y CSS/APIVideojuegos/node_modules/express/lib/router/route.js:114:3)
    at Layer.handle [as handle_request] (/Users/joel/Desktop/HTML Y CSS/APIVideojuegos/node_modules/express/lib/router/layer.js:95:5)
    at /Users/joel/Desktop/HTML Y CSS/APIVideojuegos/node_modules/express/lib/router/index.js:284:15
    at Function.process_params (/Users/joel/Desktop/HTML Y CSS/APIVideojuegos/node_modules/express/lib/router/index.js:346:12)
    at next (/Users/joel/Desktop/HTML Y CSS/APIVideojuegos/node_modules/express/lib/router/index.js:280:10)
    at Function.handle (/Users/joel/Desktop/HTML Y CSS/APIVideojuegos/node_modules/express/lib/router/index.js:175:3)
----------------------------------











11/30/2023, 5:30:06 PM | info | USER: Joel García
ROLES: User, Admin
ENDPOINT: /roles
METHOD: POST
------------------------------
11/30/2023, 5:30:06 PM | error | USER: Joel García
ROLES: User, Admin
ENDPOINT: /roles
METHOD: POST
ERROR: ReferenceError: dlcModel is not defined
    at file:///Users/joel/Desktop/HTML%20Y%20CSS/APIVideojuegos/controllers/roles.js:51:25
    at process.processTicksAndRejections (node:internal/process/task_queues:95:5)
----------------------------------



11/30/2023, 5:30:51 PM | info | USER: Joel García
ROLES: User, Admin
ENDPOINT: /roles
METHOD: POST
------------------------------

11/30/2023, 5:39:21 PM | info | USER: Joel García
ROLES: User, Admin
ENDPOINT: /videogames/6541e8ab305b8d0959ffc862
METHOD: PATCH
------------------------------
11/30/2023, 5:39:49 PM | info | USER: Joel García
ROLES: User, Admin
ENDPOINT: /videogames/6541e8ab305b8d0959ffc862
METHOD: PATCH
------------------------------
















11/30/2023, 5:53:16 PM | info | USER: Joel García
ROLES: User, Admin
ENDPOINT: /users/6568176c436c22d5bb2b7d47
METHOD: GET
------------------------------

11/30/2023, 5:55:16 PM | info | USER: Joel García
ROLES: User, Admin
ENDPOINT: /users/deleteRole/6568176c436c22d5bb2b7d47
METHOD: PATCH
------------------------------
11/30/2023, 5:55:28 PM | info | USER: Joel García
ROLES: User, Admin
ENDPOINT: /users/addRole/6568176c436c22d5bb2b7d47
METHOD: PATCH
------------------------------

11/30/2023, 5:55:59 PM | info | USER: Joel García
ROLES: User, Admin
ENDPOINT: /users/addRole/6568176c436c22d5bb2b7d47
METHOD: PATCH
------------------------------







11/30/2023, 6:06:07 PM | info | USER: Joel García
ROLES: User, Admin
ENDPOINT: /users/addRole/6568176c436c22d5bb2b7d47
METHOD: PATCH
------------------------------
11/30/2023, 6:06:07 PM | error | USER: Joel García
ROLES: User, Admin
ENDPOINT: /users/addRole/6568176c436c22d5bb2b7d47
METHOD: PATCH
ERROR: CastError: Cast to ObjectId failed for value "User" (type string) at path "_id" for model "role"
    at ObjectId.cast (/Users/joel/Desktop/HTML Y CSS/APIVideojuegos/node_modules/mongoose/lib/schema/objectid.js:250:11)
    at SchemaType.applySetters (/Users/joel/Desktop/HTML Y CSS/APIVideojuegos/node_modules/mongoose/lib/schematype.js:1219:12)
    at SchemaType.castForQuery (/Users/joel/Desktop/HTML Y CSS/APIVideojuegos/node_modules/mongoose/lib/schematype.js:1631:15)
    at /Users/joel/Desktop/HTML Y CSS/APIVideojuegos/node_modules/mongoose/lib/schematype.js:1593:18
    at Array.map (<anonymous>)
    at ObjectId.handle$in (/Users/joel/Desktop/HTML Y CSS/APIVideojuegos/node_modules/mongoose/lib/schematype.js:1589:14)
    at SchemaType.castForQuery (/Users/joel/Desktop/HTML Y CSS/APIVideojuegos/node_modules/mongoose/lib/schematype.js:1628:20)
    at cast (/Users/joel/Desktop/HTML Y CSS/APIVideojuegos/node_modules/mongoose/lib/cast.js:352:39)
    at Query.cast (/Users/joel/Desktop/HTML Y CSS/APIVideojuegos/node_modules/mongoose/lib/query.js:4910:12)
    at Query._castConditions (/Users/joel/Desktop/HTML Y CSS/APIVideojuegos/node_modules/mongoose/lib/query.js:2232:10)
----------------------------------

11/30/2023, 6:09:21 PM | info | USER: Joel García
ROLES: User, Admin
ENDPOINT: /users/addRole/6568176c436c22d5bb2b7d47
METHOD: PATCH
------------------------------
11/30/2023, 6:09:22 PM | error | USER: Joel García
ROLES: User, Admin
ENDPOINT: /users/addRole/6568176c436c22d5bb2b7d47
METHOD: PATCH
ERROR: StrictPopulateError: Cannot populate path `role` because it is not in your schema. Set the `strictPopulate` option to false to override.
    at getModelsMapForPopulate (/Users/joel/Desktop/HTML Y CSS/APIVideojuegos/node_modules/mongoose/lib/helpers/populate/getModelsMapForPopulate.js:49:12)
    at populate (/Users/joel/Desktop/HTML Y CSS/APIVideojuegos/node_modules/mongoose/lib/model.js:4343:21)
    at _populate (/Users/joel/Desktop/HTML Y CSS/APIVideojuegos/node_modules/mongoose/lib/model.js:4303:5)
    at /Users/joel/Desktop/HTML Y CSS/APIVideojuegos/node_modules/mongoose/lib/model.js:4275:5
    at new Promise (<anonymous>)
    at Function.populate (/Users/joel/Desktop/HTML Y CSS/APIVideojuegos/node_modules/mongoose/lib/model.js:4274:10)
    at model.Query._find (/Users/joel/Desktop/HTML Y CSS/APIVideojuegos/node_modules/mongoose/lib/query.js:2316:20)
    at process.processTicksAndRejections (node:internal/process/task_queues:95:5)
    at async model.Query.exec (/Users/joel/Desktop/HTML Y CSS/APIVideojuegos/node_modules/mongoose/lib/query.js:4430:11)
    at async file:///Users/joel/Desktop/HTML%20Y%20CSS/APIVideojuegos/controllers/users.js:134:18
----------------------------------

11/30/2023, 6:09:42 PM | info | USER: Joel García
ROLES: User, Admin
ENDPOINT: /users/addRole/6568176c436c22d5bb2b7d47
METHOD: PATCH
------------------------------
11/30/2023, 6:09:42 PM | error | USER: Joel García
ROLES: User, Admin
ENDPOINT: /users/addRole/6568176c436c22d5bb2b7d47
METHOD: PATCH
ERROR: CastError: Cast to ObjectId failed for value "User" (type string) at path "_id" for model "role"
    at ObjectId.cast (/Users/joel/Desktop/HTML Y CSS/APIVideojuegos/node_modules/mongoose/lib/schema/objectid.js:250:11)
    at SchemaType.applySetters (/Users/joel/Desktop/HTML Y CSS/APIVideojuegos/node_modules/mongoose/lib/schematype.js:1219:12)
    at SchemaType.castForQuery (/Users/joel/Desktop/HTML Y CSS/APIVideojuegos/node_modules/mongoose/lib/schematype.js:1631:15)
    at /Users/joel/Desktop/HTML Y CSS/APIVideojuegos/node_modules/mongoose/lib/schematype.js:1593:18
    at Array.map (<anonymous>)
    at ObjectId.handle$in (/Users/joel/Desktop/HTML Y CSS/APIVideojuegos/node_modules/mongoose/lib/schematype.js:1589:14)
    at SchemaType.castForQuery (/Users/joel/Desktop/HTML Y CSS/APIVideojuegos/node_modules/mongoose/lib/schematype.js:1628:20)
    at cast (/Users/joel/Desktop/HTML Y CSS/APIVideojuegos/node_modules/mongoose/lib/cast.js:352:39)
    at Query.cast (/Users/joel/Desktop/HTML Y CSS/APIVideojuegos/node_modules/mongoose/lib/query.js:4910:12)
    at Query._castConditions (/Users/joel/Desktop/HTML Y CSS/APIVideojuegos/node_modules/mongoose/lib/query.js:2232:10)
----------------------------------



11/30/2023, 6:15:17 PM | info | USER: Joel García
ROLES: User, Admin
ENDPOINT: /users/addRole/6568176c436c22d5bb2b7d47
METHOD: PATCH
------------------------------
11/30/2023, 6:15:17 PM | error | USER: Joel García
ROLES: User, Admin
ENDPOINT: /users/addRole/6568176c436c22d5bb2b7d47
METHOD: PATCH
ERROR: CastError: Cast to ObjectId failed for value "User" (type string) at path "_id" for model "role"
    at ObjectId.cast (/Users/joel/Desktop/HTML Y CSS/APIVideojuegos/node_modules/mongoose/lib/schema/objectid.js:250:11)
    at SchemaType.applySetters (/Users/joel/Desktop/HTML Y CSS/APIVideojuegos/node_modules/mongoose/lib/schematype.js:1219:12)
    at SchemaType.castForQuery (/Users/joel/Desktop/HTML Y CSS/APIVideojuegos/node_modules/mongoose/lib/schematype.js:1631:15)
    at /Users/joel/Desktop/HTML Y CSS/APIVideojuegos/node_modules/mongoose/lib/schematype.js:1593:18
    at Array.map (<anonymous>)
    at ObjectId.handle$in (/Users/joel/Desktop/HTML Y CSS/APIVideojuegos/node_modules/mongoose/lib/schematype.js:1589:14)
    at SchemaType.castForQuery (/Users/joel/Desktop/HTML Y CSS/APIVideojuegos/node_modules/mongoose/lib/schematype.js:1628:20)
    at cast (/Users/joel/Desktop/HTML Y CSS/APIVideojuegos/node_modules/mongoose/lib/cast.js:352:39)
    at Query.cast (/Users/joel/Desktop/HTML Y CSS/APIVideojuegos/node_modules/mongoose/lib/query.js:4910:12)
    at Query._castConditions (/Users/joel/Desktop/HTML Y CSS/APIVideojuegos/node_modules/mongoose/lib/query.js:2232:10)
----------------------------------

11/30/2023, 6:15:52 PM | info | USER: Joel García
ROLES: User, Admin
ENDPOINT: /users/addRole/6568176c436c22d5bb2b7d47
METHOD: PATCH
------------------------------
11/30/2023, 6:15:52 PM | error | USER: Joel García
ROLES: User, Admin
ENDPOINT: /users/addRole/6568176c436c22d5bb2b7d47
METHOD: PATCH
ERROR: MissingSchemaError: Schema hasn't been registered for model "roles".
Use mongoose.model(name, schema)
    at Connection.model (/Users/joel/Desktop/HTML Y CSS/APIVideojuegos/node_modules/mongoose/lib/connection.js:1125:13)
    at _getModelFromConn (/Users/joel/Desktop/HTML Y CSS/APIVideojuegos/node_modules/mongoose/lib/helpers/populate/getModelsMapForPopulate.js:581:15)
    at addModelNamesToMap (/Users/joel/Desktop/HTML Y CSS/APIVideojuegos/node_modules/mongoose/lib/helpers/populate/getModelsMapForPopulate.js:508:17)
    at getModelsMapForPopulate (/Users/joel/Desktop/HTML Y CSS/APIVideojuegos/node_modules/mongoose/lib/helpers/populate/getModelsMapForPopulate.js:199:7)
    at populate (/Users/joel/Desktop/HTML Y CSS/APIVideojuegos/node_modules/mongoose/lib/model.js:4343:21)
    at _populate (/Users/joel/Desktop/HTML Y CSS/APIVideojuegos/node_modules/mongoose/lib/model.js:4303:5)
    at /Users/joel/Desktop/HTML Y CSS/APIVideojuegos/node_modules/mongoose/lib/model.js:4275:5
    at new Promise (<anonymous>)
    at Function.populate (/Users/joel/Desktop/HTML Y CSS/APIVideojuegos/node_modules/mongoose/lib/model.js:4274:10)
    at model.Query._find (/Users/joel/Desktop/HTML Y CSS/APIVideojuegos/node_modules/mongoose/lib/query.js:2316:20)
----------------------------------

11/30/2023, 6:16:16 PM | info | USER: Joel García
ROLES: User, Admin
ENDPOINT: /users/addRole/6568176c436c22d5bb2b7d47
METHOD: PATCH
------------------------------
11/30/2023, 6:16:16 PM | error | USER: Joel García
ROLES: User, Admin
ENDPOINT: /users/addRole/6568176c436c22d5bb2b7d47
METHOD: PATCH
ERROR: CastError: Cast to ObjectId failed for value "User" (type string) at path "_id" for model "role"
    at ObjectId.cast (/Users/joel/Desktop/HTML Y CSS/APIVideojuegos/node_modules/mongoose/lib/schema/objectid.js:250:11)
    at SchemaType.applySetters (/Users/joel/Desktop/HTML Y CSS/APIVideojuegos/node_modules/mongoose/lib/schematype.js:1219:12)
    at SchemaType.castForQuery (/Users/joel/Desktop/HTML Y CSS/APIVideojuegos/node_modules/mongoose/lib/schematype.js:1631:15)
    at /Users/joel/Desktop/HTML Y CSS/APIVideojuegos/node_modules/mongoose/lib/schematype.js:1593:18
    at Array.map (<anonymous>)
    at ObjectId.handle$in (/Users/joel/Desktop/HTML Y CSS/APIVideojuegos/node_modules/mongoose/lib/schematype.js:1589:14)
    at SchemaType.castForQuery (/Users/joel/Desktop/HTML Y CSS/APIVideojuegos/node_modules/mongoose/lib/schematype.js:1628:20)
    at cast (/Users/joel/Desktop/HTML Y CSS/APIVideojuegos/node_modules/mongoose/lib/cast.js:352:39)
    at Query.cast (/Users/joel/Desktop/HTML Y CSS/APIVideojuegos/node_modules/mongoose/lib/query.js:4910:12)
    at Query._castConditions (/Users/joel/Desktop/HTML Y CSS/APIVideojuegos/node_modules/mongoose/lib/query.js:2232:10)
----------------------------------

11/30/2023, 6:21:05 PM | info | USER: Joel García
ROLES: User, Admin
ENDPOINT: /users/addRole/6568176c436c22d5bb2b7d47
METHOD: PATCH
------------------------------
11/30/2023, 6:21:06 PM | error | USER: Joel García
ROLES: User, Admin
ENDPOINT: /users/addRole/6568176c436c22d5bb2b7d47
METHOD: PATCH
ERROR: CastError: Cast to ObjectId failed for value "User" (type string) at path "_id" for model "role"
    at ObjectId.cast (/Users/joel/Desktop/HTML Y CSS/APIVideojuegos/node_modules/mongoose/lib/schema/objectid.js:250:11)
    at SchemaType.applySetters (/Users/joel/Desktop/HTML Y CSS/APIVideojuegos/node_modules/mongoose/lib/schematype.js:1219:12)
    at SchemaType.castForQuery (/Users/joel/Desktop/HTML Y CSS/APIVideojuegos/node_modules/mongoose/lib/schematype.js:1631:15)
    at /Users/joel/Desktop/HTML Y CSS/APIVideojuegos/node_modules/mongoose/lib/schematype.js:1593:18
    at Array.map (<anonymous>)
    at ObjectId.handle$in (/Users/joel/Desktop/HTML Y CSS/APIVideojuegos/node_modules/mongoose/lib/schematype.js:1589:14)
    at SchemaType.castForQuery (/Users/joel/Desktop/HTML Y CSS/APIVideojuegos/node_modules/mongoose/lib/schematype.js:1628:20)
    at cast (/Users/joel/Desktop/HTML Y CSS/APIVideojuegos/node_modules/mongoose/lib/cast.js:352:39)
    at Query.cast (/Users/joel/Desktop/HTML Y CSS/APIVideojuegos/node_modules/mongoose/lib/query.js:4910:12)
    at Query._castConditions (/Users/joel/Desktop/HTML Y CSS/APIVideojuegos/node_modules/mongoose/lib/query.js:2232:10)
----------------------------------

11/30/2023, 6:21:32 PM | info | USER: Joel García
ROLES: User, Admin
ENDPOINT: /users/addRole/6568176c436c22d5bb2b7d47
METHOD: PATCH
------------------------------
11/30/2023, 6:21:32 PM | error | USER: Joel García
ROLES: User, Admin
ENDPOINT: /users/addRole/6568176c436c22d5bb2b7d47
METHOD: PATCH
ERROR: MissingSchemaError: Schema hasn't been registered for model "Role".
Use mongoose.model(name, schema)
    at Connection.model (/Users/joel/Desktop/HTML Y CSS/APIVideojuegos/node_modules/mongoose/lib/connection.js:1125:13)
    at _getModelFromConn (/Users/joel/Desktop/HTML Y CSS/APIVideojuegos/node_modules/mongoose/lib/helpers/populate/getModelsMapForPopulate.js:581:15)
    at addModelNamesToMap (/Users/joel/Desktop/HTML Y CSS/APIVideojuegos/node_modules/mongoose/lib/helpers/populate/getModelsMapForPopulate.js:508:17)
    at getModelsMapForPopulate (/Users/joel/Desktop/HTML Y CSS/APIVideojuegos/node_modules/mongoose/lib/helpers/populate/getModelsMapForPopulate.js:199:7)
    at populate (/Users/joel/Desktop/HTML Y CSS/APIVideojuegos/node_modules/mongoose/lib/model.js:4343:21)
    at _populate (/Users/joel/Desktop/HTML Y CSS/APIVideojuegos/node_modules/mongoose/lib/model.js:4303:5)
    at /Users/joel/Desktop/HTML Y CSS/APIVideojuegos/node_modules/mongoose/lib/model.js:4275:5
    at new Promise (<anonymous>)
    at Function.populate (/Users/joel/Desktop/HTML Y CSS/APIVideojuegos/node_modules/mongoose/lib/model.js:4274:10)
    at model.Query._find (/Users/joel/Desktop/HTML Y CSS/APIVideojuegos/node_modules/mongoose/lib/query.js:2316:20)
----------------------------------



11/30/2023, 6:33:13 PM | info | USER: Joel García
ROLES: User, Admin
ENDPOINT: /users/addRole/6568176c436c22d5bb2b7d47
METHOD: PATCH
------------------------------
11/30/2023, 6:33:14 PM | error | USER: Joel García
ROLES: User, Admin
ENDPOINT: /users/addRole/6568176c436c22d5bb2b7d47
METHOD: PATCH
ERROR: ReferenceError: userUpdated is not defined
    at file:///Users/joel/Desktop/HTML%20Y%20CSS/APIVideojuegos/controllers/users.js:153:15
    at file:///Users/joel/Desktop/HTML%20Y%20CSS/APIVideojuegos/utils/errorWrapper.js:3:9
    at Layer.handle [as handle_request] (/Users/joel/Desktop/HTML Y CSS/APIVideojuegos/node_modules/express/lib/router/layer.js:95:5)
    at next (/Users/joel/Desktop/HTML Y CSS/APIVideojuegos/node_modules/express/lib/router/route.js:144:13)
    at Route.dispatch (/Users/joel/Desktop/HTML Y CSS/APIVideojuegos/node_modules/express/lib/router/route.js:114:3)
    at Layer.handle [as handle_request] (/Users/joel/Desktop/HTML Y CSS/APIVideojuegos/node_modules/express/lib/router/layer.js:95:5)
    at /Users/joel/Desktop/HTML Y CSS/APIVideojuegos/node_modules/express/lib/router/index.js:284:15
    at param (/Users/joel/Desktop/HTML Y CSS/APIVideojuegos/node_modules/express/lib/router/index.js:365:14)
    at param (/Users/joel/Desktop/HTML Y CSS/APIVideojuegos/node_modules/express/lib/router/index.js:376:14)
    at Function.process_params (/Users/joel/Desktop/HTML Y CSS/APIVideojuegos/node_modules/express/lib/router/index.js:421:3)
----------------------------------

11/30/2023, 6:33:33 PM | info | USER: Joel García
ROLES: User, Admin
ENDPOINT: /users/addRole/6568176c436c22d5bb2b7d47
METHOD: PATCH
------------------------------
11/30/2023, 6:33:33 PM | error | USER: Joel García
ROLES: User, Admin
ENDPOINT: /users/addRole/6568176c436c22d5bb2b7d47
METHOD: PATCH
ERROR: ReferenceError: userUpdated is not defined
    at file:///Users/joel/Desktop/HTML%20Y%20CSS/APIVideojuegos/controllers/users.js:153:15
    at process.processTicksAndRejections (node:internal/process/task_queues:95:5)
----------------------------------

11/30/2023, 6:41:05 PM | info | USER: Joel García
ROLES: User, Admin
ENDPOINT: /users/addRole/6568176c436c22d5bb2b7d47
METHOD: PATCH
------------------------------
11/30/2023, 6:41:06 PM | error | USER: Joel García
ROLES: User, Admin
ENDPOINT: /users/addRole/6568176c436c22d5bb2b7d47
METHOD: PATCH
ERROR: ReferenceError: userUpdated is not defined
    at file:///Users/joel/Desktop/HTML%20Y%20CSS/APIVideojuegos/controllers/users.js:170:15
    at process.processTicksAndRejections (node:internal/process/task_queues:95:5)
----------------------------------

11/30/2023, 6:41:36 PM | info | USER: Joel García
ROLES: User, Admin
ENDPOINT: /users/addRole/6568176c436c22d5bb2b7d47
METHOD: PATCH
------------------------------

11/30/2023, 6:53:15 PM | info | USER: Joel García
ROLES: User, Admin
ENDPOINT: /users/addRole/6568176c436c22d5bb2b7d47
METHOD: PATCH
------------------------------
11/30/2023, 6:53:15 PM | error | USER: Joel García
ROLES: User, Admin
ENDPOINT: /users/addRole/6568176c436c22d5bb2b7d47
METHOD: PATCH
ERROR: MongoServerError: path option to $unwind stage should be prefixed with a '$': roles
    at Connection.onMessage (/Users/joel/Desktop/HTML Y CSS/APIVideojuegos/node_modules/mongodb/lib/cmap/connection.js:202:26)
    at MessageStream.<anonymous> (/Users/joel/Desktop/HTML Y CSS/APIVideojuegos/node_modules/mongodb/lib/cmap/connection.js:61:60)
    at MessageStream.emit (node:events:514:28)
    at processIncomingData (/Users/joel/Desktop/HTML Y CSS/APIVideojuegos/node_modules/mongodb/lib/cmap/message_stream.js:124:16)
    at MessageStream._write (/Users/joel/Desktop/HTML Y CSS/APIVideojuegos/node_modules/mongodb/lib/cmap/message_stream.js:33:9)
    at writeOrBuffer (node:internal/streams/writable:447:12)
    at _write (node:internal/streams/writable:389:10)
    at Writable.write (node:internal/streams/writable:393:10)
    at TLSSocket.ondata (node:internal/streams/readable:817:22)
    at TLSSocket.emit (node:events:514:28)
----------------------------------

11/30/2023, 6:53:47 PM | info | USER: Joel García
ROLES: User, Admin
ENDPOINT: /users/addRole/6568176c436c22d5bb2b7d47
METHOD: PATCH
------------------------------
11/30/2023, 6:53:47 PM | error | USER: Joel García
ROLES: User, Admin
ENDPOINT: /users/addRole/6568176c436c22d5bb2b7d47
METHOD: PATCH
ERROR: MongoServerError: FieldPath field names may not start with '$'. Consider using $getField or $setField.
    at Connection.onMessage (/Users/joel/Desktop/HTML Y CSS/APIVideojuegos/node_modules/mongodb/lib/cmap/connection.js:202:26)
    at MessageStream.<anonymous> (/Users/joel/Desktop/HTML Y CSS/APIVideojuegos/node_modules/mongodb/lib/cmap/connection.js:61:60)
    at MessageStream.emit (node:events:514:28)
    at processIncomingData (/Users/joel/Desktop/HTML Y CSS/APIVideojuegos/node_modules/mongodb/lib/cmap/message_stream.js:124:16)
    at MessageStream._write (/Users/joel/Desktop/HTML Y CSS/APIVideojuegos/node_modules/mongodb/lib/cmap/message_stream.js:33:9)
    at writeOrBuffer (node:internal/streams/writable:447:12)
    at _write (node:internal/streams/writable:389:10)
    at Writable.write (node:internal/streams/writable:393:10)
    at TLSSocket.ondata (node:internal/streams/readable:817:22)
    at TLSSocket.emit (node:events:514:28)
----------------------------------



11/30/2023, 7:00:32 PM | info | USER: Joel García
ROLES: User, Admin
ENDPOINT: /users/addRole/6568176c436c22d5bb2b7d47
METHOD: PATCH
------------------------------

11/30/2023, 7:01:06 PM | info | USER: Joel García
ROLES: User, Admin
ENDPOINT: /users/addRole/6568176c436c22d5bb2b7d47
METHOD: PATCH
------------------------------

11/30/2023, 7:01:35 PM | info | USER: Joel García
ROLES: User, Admin
ENDPOINT: /users/addRole/6568176c436c22d5bb2b7d47
METHOD: PATCH
------------------------------

11/30/2023, 7:02:18 PM | info | USER: Joel García
ROLES: User, Admin
ENDPOINT: /users/addRole/6568176c436c22d5bb2b7d47
METHOD: PATCH
------------------------------



11/30/2023, 7:02:44 PM | info | USER: Joel García
ROLES: User, Admin
ENDPOINT: /users/addRole/6568176c436c22d5bb2b7d47
METHOD: PATCH
------------------------------

11/30/2023, 7:03:05 PM | info | USER: Joel García
ROLES: User, Admin
ENDPOINT: /users/addRole/6568176c436c22d5bb2b7d47
METHOD: PATCH
------------------------------

11/30/2023, 7:03:46 PM | info | USER: Joel García
ROLES: User, Admin
ENDPOINT: /users/addRole/6568176c436c22d5bb2b7d47
METHOD: PATCH
------------------------------

11/30/2023, 7:03:59 PM | info | USER: Joel García
ROLES: User, Admin
ENDPOINT: /users/addRole/6568176c436c22d5bb2b7d47
METHOD: PATCH
------------------------------



















11/30/2023, 8:11:49 PM | info | USER: Joel García
ROLES: User, Admin
ENDPOINT: /users/addRole/6568176c436c22d5bb2b7d47
METHOD: PATCH
------------------------------
11/30/2023, 8:11:49 PM | error | USER: Joel García
ROLES: User, Admin
ENDPOINT: /users/addRole/6568176c436c22d5bb2b7d47
METHOD: PATCH
ERROR: TypeError: roleModel.find(...).map is not a function
    at file:///Users/joel/Desktop/HTML%20Y%20CSS/APIVideojuegos/controllers/users.js:135:43
    at file:///Users/joel/Desktop/HTML%20Y%20CSS/APIVideojuegos/utils/errorWrapper.js:3:9
    at Layer.handle [as handle_request] (/Users/joel/Desktop/HTML Y CSS/APIVideojuegos/node_modules/express/lib/router/layer.js:95:5)
    at next (/Users/joel/Desktop/HTML Y CSS/APIVideojuegos/node_modules/express/lib/router/route.js:144:13)
    at Route.dispatch (/Users/joel/Desktop/HTML Y CSS/APIVideojuegos/node_modules/express/lib/router/route.js:114:3)
    at Layer.handle [as handle_request] (/Users/joel/Desktop/HTML Y CSS/APIVideojuegos/node_modules/express/lib/router/layer.js:95:5)
    at /Users/joel/Desktop/HTML Y CSS/APIVideojuegos/node_modules/express/lib/router/index.js:284:15
    at param (/Users/joel/Desktop/HTML Y CSS/APIVideojuegos/node_modules/express/lib/router/index.js:365:14)
    at param (/Users/joel/Desktop/HTML Y CSS/APIVideojuegos/node_modules/express/lib/router/index.js:376:14)
    at Function.process_params (/Users/joel/Desktop/HTML Y CSS/APIVideojuegos/node_modules/express/lib/router/index.js:421:3)
----------------------------------

11/30/2023, 8:12:19 PM | info | USER: Joel García
ROLES: User, Admin
ENDPOINT: /users/addRole/6568176c436c22d5bb2b7d47
METHOD: PATCH
------------------------------
11/30/2023, 8:12:19 PM | error | USER: Joel García
ROLES: User, Admin
ENDPOINT: /users/addRole/6568176c436c22d5bb2b7d47
METHOD: PATCH
ERROR: Error: {"message":"The role does not exists"}
    at file:///Users/joel/Desktop/HTML%20Y%20CSS/APIVideojuegos/controllers/users.js:136:81
    at process.processTicksAndRejections (node:internal/process/task_queues:95:5)
----------------------------------

11/30/2023, 8:13:58 PM | info | USER: Joel García
ROLES: User, Admin
ENDPOINT: /users/addRole/6568176c436c22d5bb2b7d47
METHOD: PATCH
------------------------------
11/30/2023, 8:13:59 PM | error | USER: Joel García
ROLES: User, Admin
ENDPOINT: /users/addRole/6568176c436c22d5bb2b7d47
METHOD: PATCH
ERROR: Error: {"message":"The role does not exists"}
    at file:///Users/joel/Desktop/HTML%20Y%20CSS/APIVideojuegos/controllers/users.js:136:81
    at process.processTicksAndRejections (node:internal/process/task_queues:95:5)
----------------------------------

11/30/2023, 8:14:32 PM | info | USER: Joel García
ROLES: User, Admin
ENDPOINT: /users/addRole/6568176c436c22d5bb2b7d47
METHOD: PATCH
------------------------------
11/30/2023, 8:14:32 PM | error | USER: Joel García
ROLES: User, Admin
ENDPOINT: /users/addRole/6568176c436c22d5bb2b7d47
METHOD: PATCH
ERROR: Error: {"message":"The role does not exists"}
    at file:///Users/joel/Desktop/HTML%20Y%20CSS/APIVideojuegos/controllers/users.js:136:81
    at process.processTicksAndRejections (node:internal/process/task_queues:95:5)
----------------------------------
11/30/2023, 8:15:09 PM | info | USER: Joel García
ROLES: User, Admin
ENDPOINT: /users/addRole/6568176c436c22d5bb2b7d47
METHOD: PATCH
------------------------------
11/30/2023, 8:16:15 PM | info | USER: Joel García
ROLES: User, Admin
ENDPOINT: /users/addRole/6568176c436c22d5bb2b7d47
METHOD: PATCH
------------------------------
11/30/2023, 8:16:15 PM | error | USER: Joel García
ROLES: User, Admin
ENDPOINT: /users/addRole/6568176c436c22d5bb2b7d47
METHOD: PATCH
ERROR: Error: [
  {
    "code": "invalid_type",
    "expected": "string",
    "received": "number",
    "path": [
      "role"
    ],
    "message": "The role must be a string"
  }
]
    at file:///Users/joel/Desktop/HTML%20Y%20CSS/APIVideojuegos/controllers/users.js:133:29
    at file:///Users/joel/Desktop/HTML%20Y%20CSS/APIVideojuegos/utils/errorWrapper.js:3:9
    at Layer.handle [as handle_request] (/Users/joel/Desktop/HTML Y CSS/APIVideojuegos/node_modules/express/lib/router/layer.js:95:5)
    at next (/Users/joel/Desktop/HTML Y CSS/APIVideojuegos/node_modules/express/lib/router/route.js:144:13)
    at Route.dispatch (/Users/joel/Desktop/HTML Y CSS/APIVideojuegos/node_modules/express/lib/router/route.js:114:3)
    at Layer.handle [as handle_request] (/Users/joel/Desktop/HTML Y CSS/APIVideojuegos/node_modules/express/lib/router/layer.js:95:5)
    at /Users/joel/Desktop/HTML Y CSS/APIVideojuegos/node_modules/express/lib/router/index.js:284:15
    at param (/Users/joel/Desktop/HTML Y CSS/APIVideojuegos/node_modules/express/lib/router/index.js:365:14)
    at param (/Users/joel/Desktop/HTML Y CSS/APIVideojuegos/node_modules/express/lib/router/index.js:376:14)
    at Function.process_params (/Users/joel/Desktop/HTML Y CSS/APIVideojuegos/node_modules/express/lib/router/index.js:421:3)
----------------------------------





11/30/2023, 8:19:53 PM | info | USER: Joel García
ROLES: User, Admin
ENDPOINT: /users/addRole/6568176c436c22d5bb2b7d47
METHOD: PATCH
------------------------------
11/30/2023, 8:19:53 PM | error | USER: Joel García
ROLES: User, Admin
ENDPOINT: /users/addRole/6568176c436c22d5bb2b7d47
METHOD: PATCH
ERROR: Error: [
  {
    "code": "invalid_type",
    "expected": "string",
    "received": "number",
    "path": [
      "role"
    ],
    "message": "The role must be a string"
  }
]
    at file:///Users/joel/Desktop/HTML%20Y%20CSS/APIVideojuegos/controllers/users.js:133:29
    at file:///Users/joel/Desktop/HTML%20Y%20CSS/APIVideojuegos/utils/errorWrapper.js:3:9
    at Layer.handle [as handle_request] (/Users/joel/Desktop/HTML Y CSS/APIVideojuegos/node_modules/express/lib/router/layer.js:95:5)
    at next (/Users/joel/Desktop/HTML Y CSS/APIVideojuegos/node_modules/express/lib/router/route.js:144:13)
    at Route.dispatch (/Users/joel/Desktop/HTML Y CSS/APIVideojuegos/node_modules/express/lib/router/route.js:114:3)
    at Layer.handle [as handle_request] (/Users/joel/Desktop/HTML Y CSS/APIVideojuegos/node_modules/express/lib/router/layer.js:95:5)
    at /Users/joel/Desktop/HTML Y CSS/APIVideojuegos/node_modules/express/lib/router/index.js:284:15
    at param (/Users/joel/Desktop/HTML Y CSS/APIVideojuegos/node_modules/express/lib/router/index.js:365:14)
    at param (/Users/joel/Desktop/HTML Y CSS/APIVideojuegos/node_modules/express/lib/router/index.js:376:14)
    at Function.process_params (/Users/joel/Desktop/HTML Y CSS/APIVideojuegos/node_modules/express/lib/router/index.js:421:3)
----------------------------------



11/30/2023, 8:20:35 PM | info | USER: Joel García
ROLES: User, Admin
ENDPOINT: /users/addRole/6568176c436c22d5bb2b7d47
METHOD: PATCH
------------------------------
11/30/2023, 8:20:35 PM | error | USER: Joel García
ROLES: User, Admin
ENDPOINT: /users/addRole/6568176c436c22d5bb2b7d47
METHOD: PATCH
ERROR: Error: [
  {
    "code": "invalid_type",
    "expected": "string",
    "received": "number",
    "path": [
      "role"
    ],
    "message": "The role must be a string"
  }
]
    at file:///Users/joel/Desktop/HTML%20Y%20CSS/APIVideojuegos/controllers/users.js:133:29
    at file:///Users/joel/Desktop/HTML%20Y%20CSS/APIVideojuegos/utils/errorWrapper.js:3:9
    at Layer.handle [as handle_request] (/Users/joel/Desktop/HTML Y CSS/APIVideojuegos/node_modules/express/lib/router/layer.js:95:5)
    at next (/Users/joel/Desktop/HTML Y CSS/APIVideojuegos/node_modules/express/lib/router/route.js:144:13)
    at Route.dispatch (/Users/joel/Desktop/HTML Y CSS/APIVideojuegos/node_modules/express/lib/router/route.js:114:3)
    at Layer.handle [as handle_request] (/Users/joel/Desktop/HTML Y CSS/APIVideojuegos/node_modules/express/lib/router/layer.js:95:5)
    at /Users/joel/Desktop/HTML Y CSS/APIVideojuegos/node_modules/express/lib/router/index.js:284:15
    at param (/Users/joel/Desktop/HTML Y CSS/APIVideojuegos/node_modules/express/lib/router/index.js:365:14)
    at param (/Users/joel/Desktop/HTML Y CSS/APIVideojuegos/node_modules/express/lib/router/index.js:376:14)
    at Function.process_params (/Users/joel/Desktop/HTML Y CSS/APIVideojuegos/node_modules/express/lib/router/index.js:421:3)
----------------------------------
11/30/2023, 8:20:59 PM | info | USER: Joel García
ROLES: User, Admin
ENDPOINT: /users/addRole/6568176c436c22d5bb2b7d47
METHOD: PATCH
------------------------------
11/30/2023, 8:21:00 PM | error | USER: Joel García
ROLES: User, Admin
ENDPOINT: /users/addRole/6568176c436c22d5bb2b7d47
METHOD: PATCH
ERROR: Error: {
Conflict"message": "The role already exists in the user"
}
    at file:///Users/joel/Desktop/HTML%20Y%20CSS/APIVideojuegos/controllers/users.js:141:62
    at process.processTicksAndRejections (node:internal/process/task_queues:95:5)
----------------------------------

11/30/2023, 8:22:34 PM | info | USER: Joel García
ROLES: User, Admin
ENDPOINT: /users/addRole/6568176c436c22d5bb2b7d47
METHOD: PATCH
------------------------------
11/30/2023, 8:22:34 PM | error | USER: Joel García
ROLES: User, Admin
ENDPOINT: /users/addRole/6568176c436c22d5bb2b7d47
METHOD: PATCH
ERROR: Error: {"message":"The role already exists in the user"}
    at file:///Users/joel/Desktop/HTML%20Y%20CSS/APIVideojuegos/controllers/users.js:141:62
    at process.processTicksAndRejections (node:internal/process/task_queues:95:5)
----------------------------------





11/30/2023, 8:25:28 PM | info | USER: Joel García
ROLES: User, Admin
ENDPOINT: /users/addRole/6568176c436c22d5bb2b7d47
METHOD: PATCH
------------------------------
11/30/2023, 8:25:28 PM | error | USER: Joel García
ROLES: User, Admin
ENDPOINT: /users/addRole/6568176c436c22d5bb2b7d47
METHOD: PATCH
ERROR: Error: The role already exists in the user
    at file:///Users/joel/Desktop/HTML%20Y%20CSS/APIVideojuegos/controllers/users.js:141:62
    at process.processTicksAndRejections (node:internal/process/task_queues:95:5)
----------------------------------
11/30/2023, 8:25:40 PM | info | USER: Joel García
ROLES: User, Admin
ENDPOINT: /users/addRole/6568176c436c22d5bb2b7d47
METHOD: PATCH
------------------------------
11/30/2023, 8:25:41 PM | error | USER: Joel García
ROLES: User, Admin
ENDPOINT: /users/addRole/6568176c436c22d5bb2b7d47
METHOD: PATCH
ERROR: Error: The role does not exists
    at file:///Users/joel/Desktop/HTML%20Y%20CSS/APIVideojuegos/controllers/users.js:136:81
    at process.processTicksAndRejections (node:internal/process/task_queues:95:5)
----------------------------------

11/30/2023, 8:28:43 PM | info | USER: Joel García
ROLES: User, Admin
ENDPOINT: /users/6568176c436c22d5bb2b7d47
METHOD: GET
------------------------------
11/30/2023, 8:28:47 PM | info | USER: Joel García
ROLES: User, Admin
ENDPOINT: /users/fadsf
METHOD: GET
------------------------------
11/30/2023, 8:28:47 PM | error | USER: Joel García
ROLES: User, Admin
ENDPOINT: /users/fadsf
METHOD: GET
ERROR: Error: The document was not found
    at file:///Users/joel/Desktop/HTML%20Y%20CSS/APIVideojuegos/controllers/users.js:43:25
    at process.processTicksAndRejections (node:internal/process/task_queues:95:5)
----------------------------------























































11/30/2023, 8:48:11 PM | info | USER: Joel García
ROLES: User, Admin
ENDPOINT: /dlcs
METHOD: GET
------------------------------
11/30/2023, 8:49:16 PM | info | USER: Joel García
ROLES: User, Admin
ENDPOINT: /dlcs/654582ce60fc68501c7777ba
METHOD: GET
------------------------------
11/30/2023, 8:49:47 PM | info | USER: Joel García
ROLES: User, Admin
ENDPOINT: /dlcs/654582ce60fc68501c7777ba
METHOD: DELETE
------------------------------
11/30/2023, 8:49:56 PM | info | USER: Joel García
ROLES: User, Admin
ENDPOINT: /dlcs
METHOD: POST
------------------------------
11/30/2023, 8:50:51 PM | info | USER: Joel García
ROLES: User, Admin
ENDPOINT: /dlcs/656949d5329b17a2eb6f1604
METHOD: PATCH
------------------------------
11/30/2023, 8:51:31 PM | info | USER: Joel García
ROLES: User, Admin
ENDPOINT: /comments
METHOD: GET
------------------------------
11/30/2023, 8:51:55 PM | info | USER: Joel García
ROLES: User, Admin
ENDPOINT: /comments/6566c5c8e5f044575b213996
METHOD: GET
------------------------------
11/30/2023, 8:52:11 PM | info | USER: Joel García
ROLES: User, Admin
ENDPOINT: /comments/6566c5c8e5f044575b213996
METHOD: DELETE
------------------------------
11/30/2023, 8:52:17 PM | info | USER: Joel García
ROLES: User, Admin
ENDPOINT: /comments
METHOD: POST
------------------------------
11/30/2023, 8:52:17 PM | error | USER: Joel García
ROLES: User, Admin
ENDPOINT: /comments
METHOD: POST
ERROR: TypeError: Cannot read properties of undefined (reading 'split')
    at capitalize (file:///Users/joel/Desktop/HTML%20Y%20CSS/APIVideojuegos/utils/utils.js:1:46)
    at file:///Users/joel/Desktop/HTML%20Y%20CSS/APIVideojuegos/controllers/comments.js:67:60
    at file:///Users/joel/Desktop/HTML%20Y%20CSS/APIVideojuegos/utils/errorWrapper.js:3:9
    at Layer.handle [as handle_request] (/Users/joel/Desktop/HTML Y CSS/APIVideojuegos/node_modules/express/lib/router/layer.js:95:5)
    at next (/Users/joel/Desktop/HTML Y CSS/APIVideojuegos/node_modules/express/lib/router/route.js:144:13)
    at Route.dispatch (/Users/joel/Desktop/HTML Y CSS/APIVideojuegos/node_modules/express/lib/router/route.js:114:3)
    at Layer.handle [as handle_request] (/Users/joel/Desktop/HTML Y CSS/APIVideojuegos/node_modules/express/lib/router/layer.js:95:5)
    at /Users/joel/Desktop/HTML Y CSS/APIVideojuegos/node_modules/express/lib/router/index.js:284:15
    at Function.process_params (/Users/joel/Desktop/HTML Y CSS/APIVideojuegos/node_modules/express/lib/router/index.js:346:12)
    at next (/Users/joel/Desktop/HTML Y CSS/APIVideojuegos/node_modules/express/lib/router/index.js:280:10)
----------------------------------









11/30/2023, 9:00:43 PM | info | USER: Joel García
ROLES: User, Admin
ENDPOINT: /comments
METHOD: POST
------------------------------
11/30/2023, 9:01:52 PM | info | USER: Joel García
ROLES: User, Admin
ENDPOINT: /comments/65694c5b3474c33d60c22ffa
METHOD: PATCH
------------------------------



